---------------------------------------------------------------

[2019-09-28T00:38:26+08:00] 180.163.220.68 GET v1.fast.zf.90ckm.com/index/cate/detail/id/248.html
[运行时间：0.146013s] [吞吐率：6.85req/s] [内存消耗：3,310.64kb] [文件加载：145]
[ info ] [ LANG ] /www/wwwroot/v1.fast.zf.90ckm.com/thinkphp/lang/zh-cn.php
[ info ] [ ROUTE ] array (
)
[ info ] [ HEADER ] array (
  'accept-encoding' => 'gzip, deflate',
  'accept' => 'text/html,application/xhtml+xml,application/xml;q=0.9,image/webp,image/apng,*/*;q=0.8',
  'upgrade-insecure-requests' => '1',
  'user-agent' => 'Mozilla/5.0 (Linux; U; Android 8.1.0; zh-CN; EML-AL00 Build/HUAWEIEML-AL00) AppleWebKit/537.36 (KHTML, like Gecko) Version/4.0 Chrome/57.0.2987.108 baidu.sogo.uc.UCBrowser/11.9.4.974 UWS/2.13.1.48 Mobile Safari/537.36 AliApp(DingTalk/4.5.11) com.alibaba.android.rimet/10487439 Channel/227200 language/zh-CN',
  'connection' => 'keep-alive',
  'host' => 'v1.fast.zf.90ckm.com',
  'content-type' => '',
  'content-length' => '',
)
[ info ] [ PARAM ] array (
  'id' => '248',
)
[ info ] [ DB ] INIT mysql
[ info ] [ VIEW ] ./template/index/a1/cate/tpl_content.html [ array (
  0 => 'home',
  1 => 'web_config',
  2 => 'tpl_static',
  3 => 'menu',
  4 => 'links',
  5 => 'post_sort',
  6 => 'post_hits',
  7 => 'hot_post',
  8 => 'cid',
  9 => 'content',
  10 => 'cate_res',
  11 => 'prev',
  12 => 'next',
  13 => 'seo',
) ]
[ sql ] [ DB ] CONNECT:[ UseTime:0.000490s ] mysql:host=127.0.0.1;dbname=v1_fast_zf_90ckm;charset=utf8
[ sql ] [ SQL ] SHOW COLUMNS FROM `zf_config` [ RunTime:0.005953s ]
[ sql ] [ SQL ] SELECT `value` FROM `zf_config` WHERE  `key` = 'zf_tpl_suffix' LIMIT 1 [ RunTime:0.002671s ]
[ sql ] [ SQL ] SHOW COLUMNS FROM `zf_category` [ RunTime:0.000853s ]
[ sql ] [ SQL ] SELECT * FROM `zf_category` WHERE  `status` = 1  AND `menu` = 1 ORDER BY `sort` ASC,`cid` ASC [ RunTime:0.000403s ]
[ sql ] [ SQL ] SHOW COLUMNS FROM `zf_link` [ RunTime:0.003893s ]
[ sql ] [ SQL ] SELECT * FROM `zf_link` WHERE  `status` = 1 [ RunTime:0.000219s ]
[ sql ] [ SQL ] SHOW COLUMNS FROM `zf_post` [ RunTime:0.003892s ]
[ sql ] [ SQL ] SELECT * FROM `zf_post` WHERE  `status` = 1  AND `relevan_id` = 0 ORDER BY `sort` DESC,`id` DESC [ RunTime:0.000354s ]
[ sql ] [ SQL ] SELECT * FROM `zf_post` WHERE  `status` = 1  AND `relevan_id` = 0 ORDER BY `hits` DESC,`id` DESC [ RunTime:0.002464s ]
[ sql ] [ SQL ] SELECT * FROM `zf_post` WHERE  `status` = 1  AND `id` = 248 LIMIT 1 [ RunTime:0.000710s ]
[ sql ] [ SQL ] SELECT `cid`,`name`,`tpl_category`,`tpl_post` FROM `zf_category` WHERE  `status` = 1  AND `cid` = 425 LIMIT 1 [ RunTime:0.000239s ]
[ sql ] [ SQL ] UPDATE `zf_post`  SET `hits` = `hits` + 1  WHERE  ( id=248 ) [ RunTime:0.002618s ]
[ sql ] [ SQL ] SELECT * FROM `zf_post` WHERE  ( cid = 425 and id>248 ) ORDER BY `id` ASC LIMIT 1 [ RunTime:0.000397s ]
[ sql ] [ SQL ] SELECT * FROM `zf_post` WHERE  ( cid = 425 and id<248 ) ORDER BY `id` DESC LIMIT 1 [ RunTime:0.000964s ]
---------------------------------------------------------------

[2019-09-28T00:38:28+08:00] 180.163.220.68 GET v1.fast.zf.90ckm.com/index/cate/detail/id/248.html
[运行时间：0.074311s] [吞吐率：13.46req/s] [内存消耗：3,311.56kb] [文件加载：145]
[ info ] [ LANG ] /www/wwwroot/v1.fast.zf.90ckm.com/thinkphp/lang/zh-cn.php
[ info ] [ ROUTE ] array (
)
[ info ] [ HEADER ] array (
  'accept-encoding' => 'gzip, deflate',
  'referer' => 'http://www.baidu.com/',
  'accept' => 'text/html,application/xhtml+xml,application/xml;q=0.9,image/webp,image/apng,*/*;q=0.8',
  'user-agent' => 'Mozilla/5.0 (Linux; U; Android 8.1.0; zh-CN; EML-AL00 Build/HUAWEIEML-AL00) AppleWebKit/537.36 (KHTML, like Gecko) Version/4.0 Chrome/57.0.2987.108 baidu.sogo.uc.UCBrowser/11.9.4.974 UWS/2.13.1.48 Mobile Safari/537.36 AliApp(DingTalk/4.5.11) com.alibaba.android.rimet/10487439 Channel/227200 language/zh-CN',
  'upgrade-insecure-requests' => '1',
  'cache-control' => 'no-cache',
  'pragma' => 'no-cache',
  'connection' => 'keep-alive',
  'host' => 'v1.fast.zf.90ckm.com',
  'content-type' => '',
  'content-length' => '',
)
[ info ] [ PARAM ] array (
  'id' => '248',
)
[ info ] [ DB ] INIT mysql
[ info ] [ VIEW ] ./template/index/a1/cate/tpl_content.html [ array (
  0 => 'home',
  1 => 'web_config',
  2 => 'tpl_static',
  3 => 'menu',
  4 => 'links',
  5 => 'post_sort',
  6 => 'post_hits',
  7 => 'hot_post',
  8 => 'cid',
  9 => 'content',
  10 => 'cate_res',
  11 => 'prev',
  12 => 'next',
  13 => 'seo',
) ]
[ sql ] [ DB ] CONNECT:[ UseTime:0.000479s ] mysql:host=127.0.0.1;dbname=v1_fast_zf_90ckm;charset=utf8
[ sql ] [ SQL ] SHOW COLUMNS FROM `zf_config` [ RunTime:0.004415s ]
[ sql ] [ SQL ] SELECT `value` FROM `zf_config` WHERE  `key` = 'zf_tpl_suffix' LIMIT 1 [ RunTime:0.000227s ]
[ sql ] [ SQL ] SHOW COLUMNS FROM `zf_category` [ RunTime:0.003977s ]
[ sql ] [ SQL ] SELECT * FROM `zf_category` WHERE  `status` = 1  AND `menu` = 1 ORDER BY `sort` ASC,`cid` ASC [ RunTime:0.002388s ]
[ sql ] [ SQL ] SHOW COLUMNS FROM `zf_link` [ RunTime:0.000703s ]
[ sql ] [ SQL ] SELECT * FROM `zf_link` WHERE  `status` = 1 [ RunTime:0.003458s ]
[ sql ] [ SQL ] SHOW COLUMNS FROM `zf_post` [ RunTime:0.003936s ]
[ sql ] [ SQL ] SELECT * FROM `zf_post` WHERE  `status` = 1  AND `relevan_id` = 0 ORDER BY `sort` DESC,`id` DESC [ RunTime:0.000442s ]
[ sql ] [ SQL ] SELECT * FROM `zf_post` WHERE  `status` = 1  AND `relevan_id` = 0 ORDER BY `hits` DESC,`id` DESC [ RunTime:0.000384s ]
[ sql ] [ SQL ] SELECT * FROM `zf_post` WHERE  `status` = 1  AND `id` = 248 LIMIT 1 [ RunTime:0.000341s ]
[ sql ] [ SQL ] SELECT `cid`,`name`,`tpl_category`,`tpl_post` FROM `zf_category` WHERE  `status` = 1  AND `cid` = 425 LIMIT 1 [ RunTime:0.000219s ]
[ sql ] [ SQL ] UPDATE `zf_post`  SET `hits` = `hits` + 1  WHERE  ( id=248 ) [ RunTime:0.000303s ]
[ sql ] [ SQL ] SELECT * FROM `zf_post` WHERE  ( cid = 425 and id>248 ) ORDER BY `id` ASC LIMIT 1 [ RunTime:0.002098s ]
[ sql ] [ SQL ] SELECT * FROM `zf_post` WHERE  ( cid = 425 and id<248 ) ORDER BY `id` DESC LIMIT 1 [ RunTime:0.000377s ]
---------------------------------------------------------------

[2019-09-28T00:48:38+08:00] 42.236.10.117 GET v1.fast.zf.90ckm.com/index/cate/list/cid/425.html
[运行时间：0.081232s] [吞吐率：12.31req/s] [内存消耗：3,633.70kb] [文件加载：149]
[ info ] [ LANG ] /www/wwwroot/v1.fast.zf.90ckm.com/thinkphp/lang/zh-cn.php
[ info ] [ ROUTE ] array (
)
[ info ] [ HEADER ] array (
  'accept-encoding' => 'gzip, deflate',
  'referer' => 'http://www.baidu.com/',
  'accept' => 'text/html,application/xhtml+xml,application/xml;q=0.9,image/webp,image/apng,*/*;q=0.8',
  'user-agent' => 'Mozilla/5.0 (Linux; U; Android 8.1.0; zh-CN; EML-AL00 Build/HUAWEIEML-AL00) AppleWebKit/537.36 (KHTML, like Gecko) Version/4.0 Chrome/57.0.2987.108 baidu.sogo.uc.UCBrowser/11.9.4.974 UWS/2.13.1.48 Mobile Safari/537.36 AliApp(DingTalk/4.5.11) com.alibaba.android.rimet/10487439 Channel/227200 language/zh-CN',
  'upgrade-insecure-requests' => '1',
  'cache-control' => 'no-cache',
  'pragma' => 'no-cache',
  'connection' => 'keep-alive',
  'host' => 'v1.fast.zf.90ckm.com',
  'content-type' => '',
  'content-length' => '',
)
[ info ] [ PARAM ] array (
  'cid' => '425',
)
[ info ] [ DB ] INIT mysql
[ info ] [ VIEW ] ./template/index/a1/cate/tpl_list.html [ array (
  0 => 'home',
  1 => 'web_config',
  2 => 'tpl_static',
  3 => 'menu',
  4 => 'links',
  5 => 'post_sort',
  6 => 'post_hits',
  7 => 'hot_post',
  8 => 'cid',
  9 => 'list',
  10 => 'cate_res',
  11 => 'seo',
) ]
[ sql ] [ DB ] CONNECT:[ UseTime:0.000397s ] mysql:host=127.0.0.1;dbname=v1_fast_zf_90ckm;charset=utf8
[ sql ] [ SQL ] SHOW COLUMNS FROM `zf_config` [ RunTime:0.000806s ]
[ sql ] [ SQL ] SELECT `value` FROM `zf_config` WHERE  `key` = 'zf_tpl_suffix' LIMIT 1 [ RunTime:0.005398s ]
[ sql ] [ SQL ] SHOW COLUMNS FROM `zf_category` [ RunTime:0.003820s ]
[ sql ] [ SQL ] SELECT * FROM `zf_category` WHERE  `status` = 1  AND `menu` = 1 ORDER BY `sort` ASC,`cid` ASC [ RunTime:0.000367s ]
[ sql ] [ SQL ] SHOW COLUMNS FROM `zf_link` [ RunTime:0.001732s ]
[ sql ] [ SQL ] SELECT * FROM `zf_link` WHERE  `status` = 1 [ RunTime:0.000244s ]
[ sql ] [ SQL ] SHOW COLUMNS FROM `zf_post` [ RunTime:0.003906s ]
[ sql ] [ SQL ] SELECT * FROM `zf_post` WHERE  `status` = 1  AND `relevan_id` = 0 ORDER BY `sort` DESC,`id` DESC [ RunTime:0.002446s ]
[ sql ] [ SQL ] SELECT * FROM `zf_post` WHERE  `status` = 1  AND `relevan_id` = 0 ORDER BY `hits` DESC,`id` DESC [ RunTime:0.000377s ]
[ sql ] [ SQL ] SELECT * FROM `zf_category` WHERE  `status` = 1  AND `cid` = 425 LIMIT 1 [ RunTime:0.000730s ]
[ sql ] [ SQL ] SELECT COUNT(*) AS tp_count FROM `zf_post` WHERE  `status` = 1  AND `cid` = 425  AND `is_product` = 0 [ RunTime:0.000335s ]
[ sql ] [ SQL ] SELECT * FROM `zf_post` WHERE  `status` = 1  AND `cid` = 425  AND `is_product` = 0 ORDER BY `ctime` DESC,`id` DESC LIMIT 0,15 [ RunTime:0.000405s ]
---------------------------------------------------------------

[2019-09-28T06:36:04+08:00] 47.101.198.126 GET v1.fast.zf.90ckm.com/
[运行时间：0.384415s] [吞吐率：2.60req/s] [内存消耗：3,453.63kb] [文件加载：147]
[ info ] [ LANG ] /www/wwwroot/v1.fast.zf.90ckm.com/thinkphp/lang/zh-cn.php
[ info ] [ ROUTE ] array (
)
[ info ] [ HEADER ] array (
  'accept-encoding' => 'gzip',
  'connection' => 'Keep-Alive',
  'host' => 'v1.fast.zf.90ckm.com',
  'user-agent' => 'Mozilla/5.0 (X11; Ubuntu; Linux x86_64; rv:36.0) Gecko/20100101 Firefox/36.0',
  'content-type' => '',
  'content-length' => '',
)
[ info ] [ PARAM ] array (
)
[ info ] [ DB ] INIT mysql
[ info ] [ VIEW ] ./template/index/a1/index/index.html [ array (
  0 => 'home',
  1 => 'web_config',
  2 => 'tpl_static',
  3 => 'menu',
  4 => 'links',
  5 => 'post_sort',
  6 => 'post_hits',
  7 => 'hot_post',
  8 => 'cid',
  9 => 'banner',
  10 => 'post_new',
  11 => 'seo',
) ]
[ sql ] [ DB ] CONNECT:[ UseTime:0.000717s ] mysql:host=127.0.0.1;dbname=v1_fast_zf_90ckm;charset=utf8
[ sql ] [ SQL ] SHOW COLUMNS FROM `zf_config` [ RunTime:0.008251s ]
[ sql ] [ SQL ] SELECT `value` FROM `zf_config` WHERE  `key` = 'zf_tpl_suffix' LIMIT 1 [ RunTime:0.023805s ]
[ sql ] [ SQL ] SHOW COLUMNS FROM `zf_category` [ RunTime:0.001307s ]
[ sql ] [ SQL ] SELECT * FROM `zf_category` WHERE  `status` = 1  AND `menu` = 1 ORDER BY `sort` ASC,`cid` ASC [ RunTime:0.000965s ]
[ sql ] [ SQL ] SHOW COLUMNS FROM `zf_link` [ RunTime:0.003643s ]
[ sql ] [ SQL ] SELECT * FROM `zf_link` WHERE  `status` = 1 [ RunTime:0.003501s ]
[ sql ] [ SQL ] SHOW COLUMNS FROM `zf_post` [ RunTime:0.005033s ]
[ sql ] [ SQL ] SELECT * FROM `zf_post` WHERE  `status` = 1  AND `relevan_id` = 0 ORDER BY `sort` DESC,`id` DESC [ RunTime:0.003289s ]
[ sql ] [ SQL ] SELECT * FROM `zf_post` WHERE  `status` = 1  AND `relevan_id` = 0 ORDER BY `hits` DESC,`id` DESC [ RunTime:0.000481s ]
[ sql ] [ SQL ] SHOW COLUMNS FROM `zf_advert` [ RunTime:0.000925s ]
[ sql ] [ SQL ] SELECT * FROM `zf_advert` WHERE  `status` = 1  AND `pid` = 10 [ RunTime:0.000933s ]
[ sql ] [ SQL ] SELECT COUNT(*) AS tp_count FROM `zf_post` WHERE  `status` = 1  AND `relevan_id` = 0  AND `is_product` = 0 [ RunTime:0.000367s ]
[ sql ] [ SQL ] SELECT * FROM `zf_post` WHERE  `status` = 1  AND `relevan_id` = 0  AND `is_product` = 0 ORDER BY `ctime` DESC,`id` DESC LIMIT 0,15 [ RunTime:0.000509s ]
---------------------------------------------------------------

[2019-09-28T13:45:51+08:00] 112.65.62.203 GET v1.fast.zf.90ckm.com/
[运行时间：0.078306s] [吞吐率：12.77req/s] [内存消耗：3,456.64kb] [文件加载：147]
[ info ] [ LANG ] /www/wwwroot/v1.fast.zf.90ckm.com/thinkphp/lang/zh-cn.php
[ info ] [ ROUTE ] array (
)
[ info ] [ HEADER ] array (
  'cookie' => 'UM_distinctid=16b74fab5438ba-0aef5681deacb9-37647e03-13c680-16b74fab544963; OUTFOX_SEARCH_USER_ID_NCOO=176004509.13229734; BAIDU_SSP_lcr=http://47.56.175.12:8888/site; BDTUJIAID=883bcae10818975c567ed5be12d207b8; PHPSESSID=ngvp5rrvesmr51sllhme6f1g94; _pk_ref.8.e4b5=%5B%22%22%2C%22%22%2C1569594084%2C%22http%3A%2F%2F120.78.193.246%3A8888%2Fsite%22%5D; _pk_id.8.e4b5=7c7b336ebc88a76d.1569594084.1.1569594089.1569594084.',
  'accept-language' => 'zh-CN,zh;q=0.9,und;q=0.8',
  'accept-encoding' => 'gzip, deflate',
  'referer' => 'http://192.168.240.182:8888/site',
  'accept' => 'text/html,application/xhtml+xml,application/xml;q=0.9,image/webp,image/apng,*/*;q=0.8,application/signed-exchange;v=b3',
  'user-agent' => 'Mozilla/5.0 (Macintosh; Intel Mac OS X 10_14_6) AppleWebKit/537.36 (KHTML, like Gecko) Chrome/77.0.3865.90 Safari/537.36',
  'upgrade-insecure-requests' => '1',
  'connection' => 'keep-alive',
  'host' => 'v1.fast.zf.90ckm.com',
  'content-type' => '',
  'content-length' => '',
)
[ info ] [ PARAM ] array (
)
[ info ] [ DB ] INIT mysql
[ info ] [ VIEW ] ./template/index/a1/index/index.html [ array (
  0 => 'home',
  1 => 'web_config',
  2 => 'tpl_static',
  3 => 'menu',
  4 => 'links',
  5 => 'post_sort',
  6 => 'post_hits',
  7 => 'hot_post',
  8 => 'cid',
  9 => 'banner',
  10 => 'post_new',
  11 => 'seo',
) ]
[ sql ] [ DB ] CONNECT:[ UseTime:0.000435s ] mysql:host=127.0.0.1;dbname=v1_fast_zf_90ckm;charset=utf8
[ sql ] [ SQL ] SHOW COLUMNS FROM `zf_config` [ RunTime:0.000776s ]
[ sql ] [ SQL ] SELECT `value` FROM `zf_config` WHERE  `key` = 'zf_tpl_suffix' LIMIT 1 [ RunTime:0.000884s ]
[ sql ] [ SQL ] SHOW COLUMNS FROM `zf_category` [ RunTime:0.004039s ]
[ sql ] [ SQL ] SELECT * FROM `zf_category` WHERE  `status` = 1  AND `menu` = 1 ORDER BY `sort` ASC,`cid` ASC [ RunTime:0.000663s ]
[ sql ] [ SQL ] SHOW COLUMNS FROM `zf_link` [ RunTime:0.000652s ]
[ sql ] [ SQL ] SELECT * FROM `zf_link` WHERE  `status` = 1 [ RunTime:0.003876s ]
[ sql ] [ SQL ] SHOW COLUMNS FROM `zf_post` [ RunTime:0.003893s ]
[ sql ] [ SQL ] SELECT * FROM `zf_post` WHERE  `status` = 1  AND `relevan_id` = 0 ORDER BY `sort` DESC,`id` DESC [ RunTime:0.000652s ]
[ sql ] [ SQL ] SELECT * FROM `zf_post` WHERE  `status` = 1  AND `relevan_id` = 0 ORDER BY `hits` DESC,`id` DESC [ RunTime:0.000368s ]
[ sql ] [ SQL ] SHOW COLUMNS FROM `zf_advert` [ RunTime:0.003800s ]
[ sql ] [ SQL ] SELECT * FROM `zf_advert` WHERE  `status` = 1  AND `pid` = 10 [ RunTime:0.000621s ]
[ sql ] [ SQL ] SELECT COUNT(*) AS tp_count FROM `zf_post` WHERE  `status` = 1  AND `relevan_id` = 0  AND `is_product` = 0 [ RunTime:0.000319s ]
[ sql ] [ SQL ] SELECT * FROM `zf_post` WHERE  `status` = 1  AND `relevan_id` = 0  AND `is_product` = 0 ORDER BY `ctime` DESC,`id` DESC LIMIT 0,15 [ RunTime:0.000397s ]
---------------------------------------------------------------

[2019-09-28T13:45:52+08:00] 112.65.62.203 GET v1.fast.zf.90ckm.com/favicon.ico
[运行时间：0.031796s] [吞吐率：31.45req/s] [内存消耗：1,832.58kb] [文件加载：122]
[ info ] [ LANG ] /www/wwwroot/v1.fast.zf.90ckm.com/thinkphp/lang/zh-cn.php
---------------------------------------------------------------

[2019-09-28T13:54:10+08:00] 112.65.62.203 GET v1.fast.zf.90ckm.com/index/cate/detail/id/248.html
[运行时间：0.183960s] [吞吐率：5.44req/s] [内存消耗：3,311.91kb] [文件加载：145]
[ info ] [ LANG ] /www/wwwroot/v1.fast.zf.90ckm.com/thinkphp/lang/zh-cn.php
[ info ] [ ROUTE ] array (
)
[ info ] [ HEADER ] array (
  'cookie' => 'UM_distinctid=16b74fab5438ba-0aef5681deacb9-37647e03-13c680-16b74fab544963; OUTFOX_SEARCH_USER_ID_NCOO=176004509.13229734; BAIDU_SSP_lcr=http://47.56.175.12:8888/site; BDTUJIAID=883bcae10818975c567ed5be12d207b8; PHPSESSID=ngvp5rrvesmr51sllhme6f1g94; _pk_ref.8.e4b5=%5B%22%22%2C%22%22%2C1569649551%2C%22http%3A%2F%2F192.168.240.182%3A8888%2Fsite%22%5D; _pk_id.8.e4b5=7c7b336ebc88a76d.1569594084.2.1569649551.1569649551.; _pk_ses.8.e4b5=1',
  'accept-language' => 'zh-CN,zh;q=0.9,und;q=0.8',
  'accept-encoding' => 'gzip, deflate',
  'accept' => 'text/html,application/xhtml+xml,application/xml;q=0.9,image/webp,image/apng,*/*;q=0.8,application/signed-exchange;v=b3',
  'user-agent' => 'Mozilla/5.0 (Macintosh; Intel Mac OS X 10_14_6) AppleWebKit/537.36 (KHTML, like Gecko) Chrome/77.0.3865.90 Safari/537.36',
  'upgrade-insecure-requests' => '1',
  'connection' => 'keep-alive',
  'host' => 'v1.fast.zf.90ckm.com',
  'content-type' => '',
  'content-length' => '',
)
[ info ] [ PARAM ] array (
  'id' => '248',
)
[ info ] [ DB ] INIT mysql
[ info ] [ VIEW ] ./template/index/a1/cate/tpl_content.html [ array (
  0 => 'home',
  1 => 'web_config',
  2 => 'tpl_static',
  3 => 'menu',
  4 => 'links',
  5 => 'post_sort',
  6 => 'post_hits',
  7 => 'hot_post',
  8 => 'cid',
  9 => 'content',
  10 => 'cate_res',
  11 => 'prev',
  12 => 'next',
  13 => 'seo',
) ]
[ sql ] [ DB ] CONNECT:[ UseTime:0.000661s ] mysql:host=127.0.0.1;dbname=v1_fast_zf_90ckm;charset=utf8
[ sql ] [ SQL ] SHOW COLUMNS FROM `zf_config` [ RunTime:0.005163s ]
[ sql ] [ SQL ] SELECT `value` FROM `zf_config` WHERE  `key` = 'zf_tpl_suffix' LIMIT 1 [ RunTime:0.000476s ]
[ sql ] [ SQL ] SHOW COLUMNS FROM `zf_category` [ RunTime:0.002535s ]
[ sql ] [ SQL ] SELECT * FROM `zf_category` WHERE  `status` = 1  AND `menu` = 1 ORDER BY `sort` ASC,`cid` ASC [ RunTime:0.000503s ]
[ sql ] [ SQL ] SHOW COLUMNS FROM `zf_link` [ RunTime:0.002678s ]
[ sql ] [ SQL ] SELECT * FROM `zf_link` WHERE  `status` = 1 [ RunTime:0.003285s ]
[ sql ] [ SQL ] SHOW COLUMNS FROM `zf_post` [ RunTime:0.005823s ]
[ sql ] [ SQL ] SELECT * FROM `zf_post` WHERE  `status` = 1  AND `relevan_id` = 0 ORDER BY `sort` DESC,`id` DESC [ RunTime:0.000589s ]
[ sql ] [ SQL ] SELECT * FROM `zf_post` WHERE  `status` = 1  AND `relevan_id` = 0 ORDER BY `hits` DESC,`id` DESC [ RunTime:0.000369s ]
[ sql ] [ SQL ] SELECT * FROM `zf_post` WHERE  `status` = 1  AND `id` = 248 LIMIT 1 [ RunTime:0.000893s ]
[ sql ] [ SQL ] SELECT `cid`,`name`,`tpl_category`,`tpl_post` FROM `zf_category` WHERE  `status` = 1  AND `cid` = 425 LIMIT 1 [ RunTime:0.000610s ]
[ sql ] [ SQL ] UPDATE `zf_post`  SET `hits` = `hits` + 1  WHERE  ( id=248 ) [ RunTime:0.001327s ]
[ sql ] [ SQL ] SELECT * FROM `zf_post` WHERE  ( cid = 425 and id>248 ) ORDER BY `id` ASC LIMIT 1 [ RunTime:0.004239s ]
[ sql ] [ SQL ] SELECT * FROM `zf_post` WHERE  ( cid = 425 and id<248 ) ORDER BY `id` DESC LIMIT 1 [ RunTime:0.000460s ]
---------------------------------------------------------------

[2019-09-28T13:54:17+08:00] 112.65.62.203 GET v1.fast.zf.90ckm.com/robots.txt
[运行时间：0.154719s] [吞吐率：6.46req/s] [内存消耗：1,832.58kb] [文件加载：122]
[ info ] [ LANG ] /www/wwwroot/v1.fast.zf.90ckm.com/thinkphp/lang/zh-cn.php
---------------------------------------------------------------

[2019-09-28T13:54:17+08:00] 112.65.62.203 GET v1.fast.zf.90ckm.com/sitemap.xml
[运行时间：0.141552s] [吞吐率：7.06req/s] [内存消耗：1,832.58kb] [文件加载：122]
[ info ] [ LANG ] /www/wwwroot/v1.fast.zf.90ckm.com/thinkphp/lang/zh-cn.php
---------------------------------------------------------------

[2019-09-28T13:54:42+08:00] 112.65.62.203 GET v1.fast.zf.90ckm.com/index/cate/detail/id/248.html
[运行时间：0.072004s] [吞吐率：13.89req/s] [内存消耗：3,311.91kb] [文件加载：145]
[ info ] [ LANG ] /www/wwwroot/v1.fast.zf.90ckm.com/thinkphp/lang/zh-cn.php
[ info ] [ ROUTE ] array (
)
[ info ] [ HEADER ] array (
  'cookie' => 'UM_distinctid=16b74fab5438ba-0aef5681deacb9-37647e03-13c680-16b74fab544963; OUTFOX_SEARCH_USER_ID_NCOO=176004509.13229734; BAIDU_SSP_lcr=http://47.56.175.12:8888/site; BDTUJIAID=883bcae10818975c567ed5be12d207b8; PHPSESSID=ngvp5rrvesmr51sllhme6f1g94; _pk_ref.8.e4b5=%5B%22%22%2C%22%22%2C1569649551%2C%22http%3A%2F%2F192.168.240.182%3A8888%2Fsite%22%5D; _pk_ses.8.e4b5=1; _pk_id.8.e4b5=7c7b336ebc88a76d.1569594084.2.1569650051.1569649551.',
  'accept-language' => 'zh-CN,zh;q=0.9,und;q=0.8',
  'accept-encoding' => 'gzip, deflate',
  'accept' => 'text/html,application/xhtml+xml,application/xml;q=0.9,image/webp,image/apng,*/*;q=0.8,application/signed-exchange;v=b3',
  'user-agent' => 'Mozilla/5.0 (Macintosh; Intel Mac OS X 10_14_6) AppleWebKit/537.36 (KHTML, like Gecko) Chrome/77.0.3865.90 Safari/537.36',
  'upgrade-insecure-requests' => '1',
  'connection' => 'keep-alive',
  'host' => 'v1.fast.zf.90ckm.com',
  'content-type' => '',
  'content-length' => '',
)
[ info ] [ PARAM ] array (
  'id' => '248',
)
[ info ] [ DB ] INIT mysql
[ info ] [ VIEW ] ./template/index/a1/cate/tpl_content.html [ array (
  0 => 'home',
  1 => 'web_config',
  2 => 'tpl_static',
  3 => 'menu',
  4 => 'links',
  5 => 'post_sort',
  6 => 'post_hits',
  7 => 'hot_post',
  8 => 'cid',
  9 => 'content',
  10 => 'cate_res',
  11 => 'prev',
  12 => 'next',
  13 => 'seo',
) ]
[ sql ] [ DB ] CONNECT:[ UseTime:0.000402s ] mysql:host=127.0.0.1;dbname=v1_fast_zf_90ckm;charset=utf8
[ sql ] [ SQL ] SHOW COLUMNS FROM `zf_config` [ RunTime:0.006303s ]
[ sql ] [ SQL ] SELECT `value` FROM `zf_config` WHERE  `key` = 'zf_tpl_suffix' LIMIT 1 [ RunTime:0.000291s ]
[ sql ] [ SQL ] SHOW COLUMNS FROM `zf_category` [ RunTime:0.004659s ]
[ sql ] [ SQL ] SELECT * FROM `zf_category` WHERE  `status` = 1  AND `menu` = 1 ORDER BY `sort` ASC,`cid` ASC [ RunTime:0.000394s ]
[ sql ] [ SQL ] SHOW COLUMNS FROM `zf_link` [ RunTime:0.000650s ]
[ sql ] [ SQL ] SELECT * FROM `zf_link` WHERE  `status` = 1 [ RunTime:0.003562s ]
[ sql ] [ SQL ] SHOW COLUMNS FROM `zf_post` [ RunTime:0.000785s ]
[ sql ] [ SQL ] SELECT * FROM `zf_post` WHERE  `status` = 1  AND `relevan_id` = 0 ORDER BY `sort` DESC,`id` DESC [ RunTime:0.000415s ]
[ sql ] [ SQL ] SELECT * FROM `zf_post` WHERE  `status` = 1  AND `relevan_id` = 0 ORDER BY `hits` DESC,`id` DESC [ RunTime:0.000479s ]
[ sql ] [ SQL ] SELECT * FROM `zf_post` WHERE  `status` = 1  AND `id` = 248 LIMIT 1 [ RunTime:0.000389s ]
[ sql ] [ SQL ] SELECT `cid`,`name`,`tpl_category`,`tpl_post` FROM `zf_category` WHERE  `status` = 1  AND `cid` = 425 LIMIT 1 [ RunTime:0.000237s ]
[ sql ] [ SQL ] UPDATE `zf_post`  SET `hits` = `hits` + 1  WHERE  ( id=248 ) [ RunTime:0.000315s ]
[ sql ] [ SQL ] SELECT * FROM `zf_post` WHERE  ( cid = 425 and id>248 ) ORDER BY `id` ASC LIMIT 1 [ RunTime:0.002145s ]
[ sql ] [ SQL ] SELECT * FROM `zf_post` WHERE  ( cid = 425 and id<248 ) ORDER BY `id` DESC LIMIT 1 [ RunTime:0.000349s ]
---------------------------------------------------------------

[2019-09-28T14:36:08+08:00] 95.45.252.6 GET v1.fast.zf.90ckm.com/
[运行时间：0.109960s] [吞吐率：9.09req/s] [内存消耗：3,454.03kb] [文件加载：147]
[ info ] [ LANG ] /www/wwwroot/v1.fast.zf.90ckm.com/thinkphp/lang/zh-cn.php
[ info ] [ ROUTE ] array (
)
[ info ] [ HEADER ] array (
  'accept' => 'text/xml,application/xml,application/xhtml+xml,text/html;q=0.9,text/plain;q=0.8,image/png,*/*;q=0.5',
  'referer' => 'http://v1.fast.zf.90ckm.com',
  'accept-encoding' => 'identity',
  'user-agent' => 'Mozilla/5.0 (Windows; U; Windows NT 5.1; en-US; rv:1.9.2.8) Gecko/20100721 Firefox/3.6.8',
  'host' => 'v1.fast.zf.90ckm.com',
  'content-type' => '',
  'content-length' => '',
)
[ info ] [ PARAM ] array (
)
[ info ] [ DB ] INIT mysql
[ info ] [ VIEW ] ./template/index/a1/index/index.html [ array (
  0 => 'home',
  1 => 'web_config',
  2 => 'tpl_static',
  3 => 'menu',
  4 => 'links',
  5 => 'post_sort',
  6 => 'post_hits',
  7 => 'hot_post',
  8 => 'cid',
  9 => 'banner',
  10 => 'post_new',
  11 => 'seo',
) ]
[ sql ] [ DB ] CONNECT:[ UseTime:0.000463s ] mysql:host=127.0.0.1;dbname=v1_fast_zf_90ckm;charset=utf8
[ sql ] [ SQL ] SHOW COLUMNS FROM `zf_config` [ RunTime:0.000836s ]
[ sql ] [ SQL ] SELECT `value` FROM `zf_config` WHERE  `key` = 'zf_tpl_suffix' LIMIT 1 [ RunTime:0.005777s ]
[ sql ] [ SQL ] SHOW COLUMNS FROM `zf_category` [ RunTime:0.003918s ]
[ sql ] [ SQL ] SELECT * FROM `zf_category` WHERE  `status` = 1  AND `menu` = 1 ORDER BY `sort` ASC,`cid` ASC [ RunTime:0.000311s ]
[ sql ] [ SQL ] SHOW COLUMNS FROM `zf_link` [ RunTime:0.003861s ]
[ sql ] [ SQL ] SELECT * FROM `zf_link` WHERE  `status` = 1 [ RunTime:0.000291s ]
[ sql ] [ SQL ] SHOW COLUMNS FROM `zf_post` [ RunTime:0.004154s ]
[ sql ] [ SQL ] SELECT * FROM `zf_post` WHERE  `status` = 1  AND `relevan_id` = 0 ORDER BY `sort` DESC,`id` DESC [ RunTime:0.000705s ]
[ sql ] [ SQL ] SELECT * FROM `zf_post` WHERE  `status` = 1  AND `relevan_id` = 0 ORDER BY `hits` DESC,`id` DESC [ RunTime:0.000350s ]
[ sql ] [ SQL ] SHOW COLUMNS FROM `zf_advert` [ RunTime:0.001802s ]
[ sql ] [ SQL ] SELECT * FROM `zf_advert` WHERE  `status` = 1  AND `pid` = 10 [ RunTime:0.000238s ]
[ sql ] [ SQL ] SELECT COUNT(*) AS tp_count FROM `zf_post` WHERE  `status` = 1  AND `relevan_id` = 0  AND `is_product` = 0 [ RunTime:0.000297s ]
[ sql ] [ SQL ] SELECT * FROM `zf_post` WHERE  `status` = 1  AND `relevan_id` = 0  AND `is_product` = 0 ORDER BY `ctime` DESC,`id` DESC LIMIT 0,15 [ RunTime:0.000362s ]
---------------------------------------------------------------

[2019-09-28T14:36:24+08:00] 95.45.252.6 GET v1.fast.zf.90ckm.com/index/cate/detail/id/248.html
[运行时间：0.098410s] [吞吐率：10.16req/s] [内存消耗：3,309.71kb] [文件加载：145]
[ info ] [ LANG ] /www/wwwroot/v1.fast.zf.90ckm.com/thinkphp/lang/zh-cn.php
[ info ] [ ROUTE ] array (
)
[ info ] [ HEADER ] array (
  'accept' => 'text/xml,application/xml,application/xhtml+xml,text/html;q=0.9,text/plain;q=0.8,image/png,*/*;q=0.5',
  'referer' => 'http://v1.fast.zf.90ckm.com',
  'accept-encoding' => 'identity',
  'user-agent' => 'Mozilla/5.0 (Windows; U; Windows NT 5.1; en-US; rv:1.9.2.8) Gecko/20100721 Firefox/3.6.8',
  'host' => 'v1.fast.zf.90ckm.com',
  'content-type' => '',
  'content-length' => '',
)
[ info ] [ PARAM ] array (
  'id' => '248',
)
[ info ] [ DB ] INIT mysql
[ info ] [ VIEW ] ./template/index/a1/cate/tpl_content.html [ array (
  0 => 'home',
  1 => 'web_config',
  2 => 'tpl_static',
  3 => 'menu',
  4 => 'links',
  5 => 'post_sort',
  6 => 'post_hits',
  7 => 'hot_post',
  8 => 'cid',
  9 => 'content',
  10 => 'cate_res',
  11 => 'prev',
  12 => 'next',
  13 => 'seo',
) ]
[ sql ] [ DB ] CONNECT:[ UseTime:0.000465s ] mysql:host=127.0.0.1;dbname=v1_fast_zf_90ckm;charset=utf8
[ sql ] [ SQL ] SHOW COLUMNS FROM `zf_config` [ RunTime:0.004176s ]
[ sql ] [ SQL ] SELECT `value` FROM `zf_config` WHERE  `key` = 'zf_tpl_suffix' LIMIT 1 [ RunTime:0.003373s ]
[ sql ] [ SQL ] SHOW COLUMNS FROM `zf_category` [ RunTime:0.005438s ]
[ sql ] [ SQL ] SELECT * FROM `zf_category` WHERE  `status` = 1  AND `menu` = 1 ORDER BY `sort` ASC,`cid` ASC [ RunTime:0.000329s ]
[ sql ] [ SQL ] SHOW COLUMNS FROM `zf_link` [ RunTime:0.000709s ]
[ sql ] [ SQL ] SELECT * FROM `zf_link` WHERE  `status` = 1 [ RunTime:0.003713s ]
[ sql ] [ SQL ] SHOW COLUMNS FROM `zf_post` [ RunTime:0.005412s ]
[ sql ] [ SQL ] SELECT * FROM `zf_post` WHERE  `status` = 1  AND `relevan_id` = 0 ORDER BY `sort` DESC,`id` DESC [ RunTime:0.000409s ]
[ sql ] [ SQL ] SELECT * FROM `zf_post` WHERE  `status` = 1  AND `relevan_id` = 0 ORDER BY `hits` DESC,`id` DESC [ RunTime:0.000337s ]
[ sql ] [ SQL ] SELECT * FROM `zf_post` WHERE  `status` = 1  AND `id` = 248 LIMIT 1 [ RunTime:0.000394s ]
[ sql ] [ SQL ] SELECT `cid`,`name`,`tpl_category`,`tpl_post` FROM `zf_category` WHERE  `status` = 1  AND `cid` = 425 LIMIT 1 [ RunTime:0.000310s ]
[ sql ] [ SQL ] UPDATE `zf_post`  SET `hits` = `hits` + 1  WHERE  ( id=248 ) [ RunTime:0.002548s ]
[ sql ] [ SQL ] SELECT * FROM `zf_post` WHERE  ( cid = 425 and id>248 ) ORDER BY `id` ASC LIMIT 1 [ RunTime:0.000397s ]
[ sql ] [ SQL ] SELECT * FROM `zf_post` WHERE  ( cid = 425 and id<248 ) ORDER BY `id` DESC LIMIT 1 [ RunTime:0.000313s ]
---------------------------------------------------------------

[2019-09-28T14:36:32+08:00] 95.45.252.6 GET v1.fast.zf.90ckm.com/index/cate/list/cid/425.html
[运行时间：0.101654s] [吞吐率：9.84req/s] [内存消耗：3,474.91kb] [文件加载：147]
[ info ] [ LANG ] /www/wwwroot/v1.fast.zf.90ckm.com/thinkphp/lang/zh-cn.php
[ info ] [ ROUTE ] array (
)
[ info ] [ HEADER ] array (
  'accept' => 'text/xml,application/xml,application/xhtml+xml,text/html;q=0.9,text/plain;q=0.8,image/png,*/*;q=0.5',
  'referer' => 'http://v1.fast.zf.90ckm.com',
  'accept-encoding' => 'identity',
  'user-agent' => 'Mozilla/5.0 (Windows; U; Windows NT 5.1; en-US; rv:1.9.2.8) Gecko/20100721 Firefox/3.6.8',
  'host' => 'v1.fast.zf.90ckm.com',
  'content-type' => '',
  'content-length' => '',
)
[ info ] [ PARAM ] array (
  'cid' => '425',
)
[ info ] [ DB ] INIT mysql
[ info ] [ VIEW ] ./template/index/a1/cate/tpl_list.html [ array (
  0 => 'home',
  1 => 'web_config',
  2 => 'tpl_static',
  3 => 'menu',
  4 => 'links',
  5 => 'post_sort',
  6 => 'post_hits',
  7 => 'hot_post',
  8 => 'cid',
  9 => 'list',
  10 => 'cate_res',
  11 => 'seo',
) ]
[ sql ] [ DB ] CONNECT:[ UseTime:0.000562s ] mysql:host=127.0.0.1;dbname=v1_fast_zf_90ckm;charset=utf8
[ sql ] [ SQL ] SHOW COLUMNS FROM `zf_config` [ RunTime:0.004732s ]
[ sql ] [ SQL ] SELECT `value` FROM `zf_config` WHERE  `key` = 'zf_tpl_suffix' LIMIT 1 [ RunTime:0.003062s ]
[ sql ] [ SQL ] SHOW COLUMNS FROM `zf_category` [ RunTime:0.004976s ]
[ sql ] [ SQL ] SELECT * FROM `zf_category` WHERE  `status` = 1  AND `menu` = 1 ORDER BY `sort` ASC,`cid` ASC [ RunTime:0.000423s ]
[ sql ] [ SQL ] SHOW COLUMNS FROM `zf_link` [ RunTime:0.000936s ]
[ sql ] [ SQL ] SELECT * FROM `zf_link` WHERE  `status` = 1 [ RunTime:0.004304s ]
[ sql ] [ SQL ] SHOW COLUMNS FROM `zf_post` [ RunTime:0.005107s ]
[ sql ] [ SQL ] SELECT * FROM `zf_post` WHERE  `status` = 1  AND `relevan_id` = 0 ORDER BY `sort` DESC,`id` DESC [ RunTime:0.000566s ]
[ sql ] [ SQL ] SELECT * FROM `zf_post` WHERE  `status` = 1  AND `relevan_id` = 0 ORDER BY `hits` DESC,`id` DESC [ RunTime:0.000465s ]
[ sql ] [ SQL ] SELECT * FROM `zf_category` WHERE  `status` = 1  AND `cid` = 425 LIMIT 1 [ RunTime:0.000768s ]
[ sql ] [ SQL ] SELECT COUNT(*) AS tp_count FROM `zf_post` WHERE  `status` = 1  AND `cid` = 425  AND `is_product` = 0 [ RunTime:0.000366s ]
[ sql ] [ SQL ] SELECT * FROM `zf_post` WHERE  `status` = 1  AND `cid` = 425  AND `is_product` = 0 ORDER BY `ctime` DESC,`id` DESC LIMIT 0,15 [ RunTime:0.000482s ]
---------------------------------------------------------------

[2019-09-28T14:36:39+08:00] 95.45.252.6 GET v1.fast.zf.90ckm.com/index/cate/list/cid/426.html
[运行时间：0.073954s] [吞吐率：13.52req/s] [内存消耗：3,471.04kb] [文件加载：147]
[ info ] [ LANG ] /www/wwwroot/v1.fast.zf.90ckm.com/thinkphp/lang/zh-cn.php
[ info ] [ ROUTE ] array (
)
[ info ] [ HEADER ] array (
  'accept' => 'text/xml,application/xml,application/xhtml+xml,text/html;q=0.9,text/plain;q=0.8,image/png,*/*;q=0.5',
  'referer' => 'http://v1.fast.zf.90ckm.com',
  'accept-encoding' => 'identity',
  'user-agent' => 'Mozilla/5.0 (Windows; U; Windows NT 5.1; en-US; rv:1.9.2.8) Gecko/20100721 Firefox/3.6.8',
  'host' => 'v1.fast.zf.90ckm.com',
  'content-type' => '',
  'content-length' => '',
)
[ info ] [ PARAM ] array (
  'cid' => '426',
)
[ info ] [ DB ] INIT mysql
[ info ] [ VIEW ] ./template/index/a1/cate/tpl_page.html [ array (
  0 => 'home',
  1 => 'web_config',
  2 => 'tpl_static',
  3 => 'menu',
  4 => 'links',
  5 => 'post_sort',
  6 => 'post_hits',
  7 => 'hot_post',
  8 => 'cid',
  9 => 'list',
  10 => 'cate_res',
  11 => 'seo',
) ]
[ sql ] [ DB ] CONNECT:[ UseTime:0.000446s ] mysql:host=127.0.0.1;dbname=v1_fast_zf_90ckm;charset=utf8
[ sql ] [ SQL ] SHOW COLUMNS FROM `zf_config` [ RunTime:0.000788s ]
[ sql ] [ SQL ] SELECT `value` FROM `zf_config` WHERE  `key` = 'zf_tpl_suffix' LIMIT 1 [ RunTime:0.000241s ]
[ sql ] [ SQL ] SHOW COLUMNS FROM `zf_category` [ RunTime:0.003978s ]
[ sql ] [ SQL ] SELECT * FROM `zf_category` WHERE  `status` = 1  AND `menu` = 1 ORDER BY `sort` ASC,`cid` ASC [ RunTime:0.000295s ]
[ sql ] [ SQL ] SHOW COLUMNS FROM `zf_link` [ RunTime:0.001759s ]
[ sql ] [ SQL ] SELECT * FROM `zf_link` WHERE  `status` = 1 [ RunTime:0.000199s ]
[ sql ] [ SQL ] SHOW COLUMNS FROM `zf_post` [ RunTime:0.003966s ]
[ sql ] [ SQL ] SELECT * FROM `zf_post` WHERE  `status` = 1  AND `relevan_id` = 0 ORDER BY `sort` DESC,`id` DESC [ RunTime:0.002497s ]
[ sql ] [ SQL ] SELECT * FROM `zf_post` WHERE  `status` = 1  AND `relevan_id` = 0 ORDER BY `hits` DESC,`id` DESC [ RunTime:0.000355s ]
[ sql ] [ SQL ] SELECT * FROM `zf_category` WHERE  `status` = 1  AND `cid` = 426 LIMIT 1 [ RunTime:0.000400s ]
[ sql ] [ SQL ] SELECT COUNT(*) AS tp_count FROM `zf_post` WHERE  `status` = 1  AND `cid` = 426  AND `is_product` = 0 [ RunTime:0.000305s ]
[ sql ] [ SQL ] SELECT * FROM `zf_post` WHERE  `status` = 1  AND `cid` = 426  AND `is_product` = 0 ORDER BY `ctime` DESC,`id` DESC LIMIT 0,15 [ RunTime:0.000351s ]
---------------------------------------------------------------

[2019-09-28T14:37:35+08:00] 89.234.68.92 GET v1.fast.zf.90ckm.com/
[运行时间：0.073213s] [吞吐率：13.66req/s] [内存消耗：3,454.03kb] [文件加载：147]
[ info ] [ LANG ] /www/wwwroot/v1.fast.zf.90ckm.com/thinkphp/lang/zh-cn.php
[ info ] [ ROUTE ] array (
)
[ info ] [ HEADER ] array (
  'accept' => 'text/xml,application/xml,application/xhtml+xml,text/html;q=0.9,text/plain;q=0.8,image/png,*/*;q=0.5',
  'referer' => 'http://v1.fast.zf.90ckm.com',
  'accept-encoding' => 'identity',
  'user-agent' => 'Mozilla/5.0 (Windows; U; Windows NT 5.1; en-US; rv:1.9.2.8) Gecko/20100721 Firefox/3.6.8',
  'host' => 'v1.fast.zf.90ckm.com',
  'content-type' => '',
  'content-length' => '',
)
[ info ] [ PARAM ] array (
)
[ info ] [ DB ] INIT mysql
[ info ] [ VIEW ] ./template/index/a1/index/index.html [ array (
  0 => 'home',
  1 => 'web_config',
  2 => 'tpl_static',
  3 => 'menu',
  4 => 'links',
  5 => 'post_sort',
  6 => 'post_hits',
  7 => 'hot_post',
  8 => 'cid',
  9 => 'banner',
  10 => 'post_new',
  11 => 'seo',
) ]
[ sql ] [ DB ] CONNECT:[ UseTime:0.000485s ] mysql:host=127.0.0.1;dbname=v1_fast_zf_90ckm;charset=utf8
[ sql ] [ SQL ] SHOW COLUMNS FROM `zf_config` [ RunTime:0.005858s ]
[ sql ] [ SQL ] SELECT `value` FROM `zf_config` WHERE  `key` = 'zf_tpl_suffix' LIMIT 1 [ RunTime:0.000281s ]
[ sql ] [ SQL ] SHOW COLUMNS FROM `zf_category` [ RunTime:0.001966s ]
[ sql ] [ SQL ] SELECT * FROM `zf_category` WHERE  `status` = 1  AND `menu` = 1 ORDER BY `sort` ASC,`cid` ASC [ RunTime:0.002394s ]
[ sql ] [ SQL ] SHOW COLUMNS FROM `zf_link` [ RunTime:0.000616s ]
[ sql ] [ SQL ] SELECT * FROM `zf_link` WHERE  `status` = 1 [ RunTime:0.003437s ]
[ sql ] [ SQL ] SHOW COLUMNS FROM `zf_post` [ RunTime:0.000730s ]
[ sql ] [ SQL ] SELECT * FROM `zf_post` WHERE  `status` = 1  AND `relevan_id` = 0 ORDER BY `sort` DESC,`id` DESC [ RunTime:0.000275s ]
[ sql ] [ SQL ] SELECT * FROM `zf_post` WHERE  `status` = 1  AND `relevan_id` = 0 ORDER BY `hits` DESC,`id` DESC [ RunTime:0.000260s ]
[ sql ] [ SQL ] SHOW COLUMNS FROM `zf_advert` [ RunTime:0.001791s ]
[ sql ] [ SQL ] SELECT * FROM `zf_advert` WHERE  `status` = 1  AND `pid` = 10 [ RunTime:0.000271s ]
[ sql ] [ SQL ] SELECT COUNT(*) AS tp_count FROM `zf_post` WHERE  `status` = 1  AND `relevan_id` = 0  AND `is_product` = 0 [ RunTime:0.000334s ]
[ sql ] [ SQL ] SELECT * FROM `zf_post` WHERE  `status` = 1  AND `relevan_id` = 0  AND `is_product` = 0 ORDER BY `ctime` DESC,`id` DESC LIMIT 0,15 [ RunTime:0.000357s ]
---------------------------------------------------------------

[2019-09-28T14:37:46+08:00] 89.234.68.92 GET v1.fast.zf.90ckm.com/index/cate/detail/id/248.html
[运行时间：0.070597s] [吞吐率：14.16req/s] [内存消耗：3,309.71kb] [文件加载：145]
[ info ] [ LANG ] /www/wwwroot/v1.fast.zf.90ckm.com/thinkphp/lang/zh-cn.php
[ info ] [ ROUTE ] array (
)
[ info ] [ HEADER ] array (
  'accept' => 'text/xml,application/xml,application/xhtml+xml,text/html;q=0.9,text/plain;q=0.8,image/png,*/*;q=0.5',
  'referer' => 'http://v1.fast.zf.90ckm.com',
  'accept-encoding' => 'identity',
  'user-agent' => 'Mozilla/5.0 (Windows; U; Windows NT 5.1; en-US; rv:1.9.2.8) Gecko/20100721 Firefox/3.6.8',
  'host' => 'v1.fast.zf.90ckm.com',
  'content-type' => '',
  'content-length' => '',
)
[ info ] [ PARAM ] array (
  'id' => '248',
)
[ info ] [ DB ] INIT mysql
[ info ] [ VIEW ] ./template/index/a1/cate/tpl_content.html [ array (
  0 => 'home',
  1 => 'web_config',
  2 => 'tpl_static',
  3 => 'menu',
  4 => 'links',
  5 => 'post_sort',
  6 => 'post_hits',
  7 => 'hot_post',
  8 => 'cid',
  9 => 'content',
  10 => 'cate_res',
  11 => 'prev',
  12 => 'next',
  13 => 'seo',
) ]
[ sql ] [ DB ] CONNECT:[ UseTime:0.000411s ] mysql:host=127.0.0.1;dbname=v1_fast_zf_90ckm;charset=utf8
[ sql ] [ SQL ] SHOW COLUMNS FROM `zf_config` [ RunTime:0.000756s ]
[ sql ] [ SQL ] SELECT `value` FROM `zf_config` WHERE  `key` = 'zf_tpl_suffix' LIMIT 1 [ RunTime:0.000331s ]
[ sql ] [ SQL ] SHOW COLUMNS FROM `zf_category` [ RunTime:0.003981s ]
[ sql ] [ SQL ] SELECT * FROM `zf_category` WHERE  `status` = 1  AND `menu` = 1 ORDER BY `sort` ASC,`cid` ASC [ RunTime:0.000319s ]
[ sql ] [ SQL ] SHOW COLUMNS FROM `zf_link` [ RunTime:0.003783s ]
[ sql ] [ SQL ] SELECT * FROM `zf_link` WHERE  `status` = 1 [ RunTime:0.000228s ]
[ sql ] [ SQL ] SHOW COLUMNS FROM `zf_post` [ RunTime:0.003901s ]
[ sql ] [ SQL ] SELECT * FROM `zf_post` WHERE  `status` = 1  AND `relevan_id` = 0 ORDER BY `sort` DESC,`id` DESC [ RunTime:0.000275s ]
[ sql ] [ SQL ] SELECT * FROM `zf_post` WHERE  `status` = 1  AND `relevan_id` = 0 ORDER BY `hits` DESC,`id` DESC [ RunTime:0.000256s ]
[ sql ] [ SQL ] SELECT * FROM `zf_post` WHERE  `status` = 1  AND `id` = 248 LIMIT 1 [ RunTime:0.000398s ]
[ sql ] [ SQL ] SELECT `cid`,`name`,`tpl_category`,`tpl_post` FROM `zf_category` WHERE  `status` = 1  AND `cid` = 425 LIMIT 1 [ RunTime:0.000214s ]
[ sql ] [ SQL ] UPDATE `zf_post`  SET `hits` = `hits` + 1  WHERE  ( id=248 ) [ RunTime:0.000348s ]
[ sql ] [ SQL ] SELECT * FROM `zf_post` WHERE  ( cid = 425 and id>248 ) ORDER BY `id` ASC LIMIT 1 [ RunTime:0.002007s ]
[ sql ] [ SQL ] SELECT * FROM `zf_post` WHERE  ( cid = 425 and id<248 ) ORDER BY `id` DESC LIMIT 1 [ RunTime:0.000328s ]
---------------------------------------------------------------

[2019-09-28T14:37:56+08:00] 89.234.68.92 GET v1.fast.zf.90ckm.com/index/cate/list/cid/425.html
[运行时间：0.071239s] [吞吐率：14.04req/s] [内存消耗：3,474.91kb] [文件加载：147]
[ info ] [ LANG ] /www/wwwroot/v1.fast.zf.90ckm.com/thinkphp/lang/zh-cn.php
[ info ] [ ROUTE ] array (
)
[ info ] [ HEADER ] array (
  'accept' => 'text/xml,application/xml,application/xhtml+xml,text/html;q=0.9,text/plain;q=0.8,image/png,*/*;q=0.5',
  'referer' => 'http://v1.fast.zf.90ckm.com',
  'accept-encoding' => 'identity',
  'user-agent' => 'Mozilla/5.0 (Windows; U; Windows NT 5.1; en-US; rv:1.9.2.8) Gecko/20100721 Firefox/3.6.8',
  'host' => 'v1.fast.zf.90ckm.com',
  'content-type' => '',
  'content-length' => '',
)
[ info ] [ PARAM ] array (
  'cid' => '425',
)
[ info ] [ DB ] INIT mysql
[ info ] [ VIEW ] ./template/index/a1/cate/tpl_list.html [ array (
  0 => 'home',
  1 => 'web_config',
  2 => 'tpl_static',
  3 => 'menu',
  4 => 'links',
  5 => 'post_sort',
  6 => 'post_hits',
  7 => 'hot_post',
  8 => 'cid',
  9 => 'list',
  10 => 'cate_res',
  11 => 'seo',
) ]
[ sql ] [ DB ] CONNECT:[ UseTime:0.000479s ] mysql:host=127.0.0.1;dbname=v1_fast_zf_90ckm;charset=utf8
[ sql ] [ SQL ] SHOW COLUMNS FROM `zf_config` [ RunTime:0.000718s ]
[ sql ] [ SQL ] SELECT `value` FROM `zf_config` WHERE  `key` = 'zf_tpl_suffix' LIMIT 1 [ RunTime:0.005243s ]
[ sql ] [ SQL ] SHOW COLUMNS FROM `zf_category` [ RunTime:0.003750s ]
[ sql ] [ SQL ] SELECT * FROM `zf_category` WHERE  `status` = 1  AND `menu` = 1 ORDER BY `sort` ASC,`cid` ASC [ RunTime:0.000304s ]
[ sql ] [ SQL ] SHOW COLUMNS FROM `zf_link` [ RunTime:0.003946s ]
[ sql ] [ SQL ] SELECT * FROM `zf_link` WHERE  `status` = 1 [ RunTime:0.000240s ]
[ sql ] [ SQL ] SHOW COLUMNS FROM `zf_post` [ RunTime:0.003982s ]
[ sql ] [ SQL ] SELECT * FROM `zf_post` WHERE  `status` = 1  AND `relevan_id` = 0 ORDER BY `sort` DESC,`id` DESC [ RunTime:0.000397s ]
[ sql ] [ SQL ] SELECT * FROM `zf_post` WHERE  `status` = 1  AND `relevan_id` = 0 ORDER BY `hits` DESC,`id` DESC [ RunTime:0.000356s ]
[ sql ] [ SQL ] SELECT * FROM `zf_category` WHERE  `status` = 1  AND `cid` = 425 LIMIT 1 [ RunTime:0.000233s ]
[ sql ] [ SQL ] SELECT COUNT(*) AS tp_count FROM `zf_post` WHERE  `status` = 1  AND `cid` = 425  AND `is_product` = 0 [ RunTime:0.000412s ]
[ sql ] [ SQL ] SELECT * FROM `zf_post` WHERE  `status` = 1  AND `cid` = 425  AND `is_product` = 0 ORDER BY `ctime` DESC,`id` DESC LIMIT 0,15 [ RunTime:0.000338s ]
---------------------------------------------------------------

[2019-09-28T14:38:09+08:00] 89.234.68.92 GET v1.fast.zf.90ckm.com/index/cate/list/cid/426.html
[运行时间：0.067726s] [吞吐率：14.77req/s] [内存消耗：3,471.04kb] [文件加载：147]
[ info ] [ LANG ] /www/wwwroot/v1.fast.zf.90ckm.com/thinkphp/lang/zh-cn.php
[ info ] [ ROUTE ] array (
)
[ info ] [ HEADER ] array (
  'accept' => 'text/xml,application/xml,application/xhtml+xml,text/html;q=0.9,text/plain;q=0.8,image/png,*/*;q=0.5',
  'referer' => 'http://v1.fast.zf.90ckm.com',
  'accept-encoding' => 'identity',
  'user-agent' => 'Mozilla/5.0 (Windows; U; Windows NT 5.1; en-US; rv:1.9.2.8) Gecko/20100721 Firefox/3.6.8',
  'host' => 'v1.fast.zf.90ckm.com',
  'content-type' => '',
  'content-length' => '',
)
[ info ] [ PARAM ] array (
  'cid' => '426',
)
[ info ] [ DB ] INIT mysql
[ info ] [ VIEW ] ./template/index/a1/cate/tpl_page.html [ array (
  0 => 'home',
  1 => 'web_config',
  2 => 'tpl_static',
  3 => 'menu',
  4 => 'links',
  5 => 'post_sort',
  6 => 'post_hits',
  7 => 'hot_post',
  8 => 'cid',
  9 => 'list',
  10 => 'cate_res',
  11 => 'seo',
) ]
[ sql ] [ DB ] CONNECT:[ UseTime:0.000383s ] mysql:host=127.0.0.1;dbname=v1_fast_zf_90ckm;charset=utf8
[ sql ] [ SQL ] SHOW COLUMNS FROM `zf_config` [ RunTime:0.000723s ]
[ sql ] [ SQL ] SELECT `value` FROM `zf_config` WHERE  `key` = 'zf_tpl_suffix' LIMIT 1 [ RunTime:0.005094s ]
[ sql ] [ SQL ] SHOW COLUMNS FROM `zf_category` [ RunTime:0.000736s ]
[ sql ] [ SQL ] SELECT * FROM `zf_category` WHERE  `status` = 1  AND `menu` = 1 ORDER BY `sort` ASC,`cid` ASC [ RunTime:0.000307s ]
[ sql ] [ SQL ] SHOW COLUMNS FROM `zf_link` [ RunTime:0.003727s ]
[ sql ] [ SQL ] SELECT * FROM `zf_link` WHERE  `status` = 1 [ RunTime:0.000221s ]
[ sql ] [ SQL ] SHOW COLUMNS FROM `zf_post` [ RunTime:0.003837s ]
[ sql ] [ SQL ] SELECT * FROM `zf_post` WHERE  `status` = 1  AND `relevan_id` = 0 ORDER BY `sort` DESC,`id` DESC [ RunTime:0.000284s ]
[ sql ] [ SQL ] SELECT * FROM `zf_post` WHERE  `status` = 1  AND `relevan_id` = 0 ORDER BY `hits` DESC,`id` DESC [ RunTime:0.000247s ]
[ sql ] [ SQL ] SELECT * FROM `zf_category` WHERE  `status` = 1  AND `cid` = 426 LIMIT 1 [ RunTime:0.000255s ]
[ sql ] [ SQL ] SELECT COUNT(*) AS tp_count FROM `zf_post` WHERE  `status` = 1  AND `cid` = 426  AND `is_product` = 0 [ RunTime:0.000350s ]
[ sql ] [ SQL ] SELECT * FROM `zf_post` WHERE  `status` = 1  AND `cid` = 426  AND `is_product` = 0 ORDER BY `ctime` DESC,`id` DESC LIMIT 0,15 [ RunTime:0.000359s ]
---------------------------------------------------------------

[2019-09-28T18:37:15+08:00] 112.65.62.203 GET v1.fast.zf.90ckm.com/
[运行时间：0.405102s] [吞吐率：2.47req/s] [内存消耗：3,456.64kb] [文件加载：147]
[ info ] [ LANG ] /www/wwwroot/v1.fast.zf.90ckm.com/thinkphp/lang/zh-cn.php
[ info ] [ ROUTE ] array (
)
[ info ] [ HEADER ] array (
  'cookie' => 'UM_distinctid=16b74fab5438ba-0aef5681deacb9-37647e03-13c680-16b74fab544963; OUTFOX_SEARCH_USER_ID_NCOO=176004509.13229734; BAIDU_SSP_lcr=http://47.56.175.12:8888/site; BDTUJIAID=883bcae10818975c567ed5be12d207b8; PHPSESSID=ngvp5rrvesmr51sllhme6f1g94; _pk_ref.8.e4b5=%5B%22%22%2C%22%22%2C1569649551%2C%22http%3A%2F%2F192.168.240.182%3A8888%2Fsite%22%5D; _pk_id.8.e4b5=7c7b336ebc88a76d.1569594084.2.1569650083.1569649551.',
  'accept-language' => 'zh-CN,zh;q=0.9,und;q=0.8',
  'accept-encoding' => 'gzip, deflate',
  'referer' => 'http://120.78.193.246:8888/site',
  'accept' => 'text/html,application/xhtml+xml,application/xml;q=0.9,image/webp,image/apng,*/*;q=0.8,application/signed-exchange;v=b3',
  'user-agent' => 'Mozilla/5.0 (Macintosh; Intel Mac OS X 10_14_6) AppleWebKit/537.36 (KHTML, like Gecko) Chrome/77.0.3865.90 Safari/537.36',
  'upgrade-insecure-requests' => '1',
  'connection' => 'keep-alive',
  'host' => 'v1.fast.zf.90ckm.com',
  'content-type' => '',
  'content-length' => '',
)
[ info ] [ PARAM ] array (
)
[ info ] [ DB ] INIT mysql
[ info ] [ VIEW ] ./template/index/a1/index/index.html [ array (
  0 => 'home',
  1 => 'web_config',
  2 => 'tpl_static',
  3 => 'menu',
  4 => 'links',
  5 => 'post_sort',
  6 => 'post_hits',
  7 => 'hot_post',
  8 => 'cid',
  9 => 'banner',
  10 => 'post_new',
  11 => 'seo',
) ]
[ sql ] [ DB ] CONNECT:[ UseTime:0.000443s ] mysql:host=127.0.0.1;dbname=v1_fast_zf_90ckm;charset=utf8
[ sql ] [ SQL ] SHOW COLUMNS FROM `zf_config` [ RunTime:0.003993s ]
[ sql ] [ SQL ] SELECT `value` FROM `zf_config` WHERE  `key` = 'zf_tpl_suffix' LIMIT 1 [ RunTime:0.012434s ]
[ sql ] [ SQL ] SHOW COLUMNS FROM `zf_category` [ RunTime:0.006317s ]
[ sql ] [ SQL ] SELECT * FROM `zf_category` WHERE  `status` = 1  AND `menu` = 1 ORDER BY `sort` ASC,`cid` ASC [ RunTime:0.000358s ]
[ sql ] [ SQL ] SHOW COLUMNS FROM `zf_link` [ RunTime:0.002127s ]
[ sql ] [ SQL ] SELECT * FROM `zf_link` WHERE  `status` = 1 [ RunTime:0.000320s ]
[ sql ] [ SQL ] SHOW COLUMNS FROM `zf_post` [ RunTime:0.004396s ]
[ sql ] [ SQL ] SELECT * FROM `zf_post` WHERE  `status` = 1  AND `relevan_id` = 0 ORDER BY `sort` DESC,`id` DESC [ RunTime:0.002665s ]
[ sql ] [ SQL ] SELECT * FROM `zf_post` WHERE  `status` = 1  AND `relevan_id` = 0 ORDER BY `hits` DESC,`id` DESC [ RunTime:0.000288s ]
[ sql ] [ SQL ] SHOW COLUMNS FROM `zf_advert` [ RunTime:0.001962s ]
[ sql ] [ SQL ] SELECT * FROM `zf_advert` WHERE  `status` = 1  AND `pid` = 10 [ RunTime:0.000248s ]
[ sql ] [ SQL ] SELECT COUNT(*) AS tp_count FROM `zf_post` WHERE  `status` = 1  AND `relevan_id` = 0  AND `is_product` = 0 [ RunTime:0.000614s ]
[ sql ] [ SQL ] SELECT * FROM `zf_post` WHERE  `status` = 1  AND `relevan_id` = 0  AND `is_product` = 0 ORDER BY `ctime` DESC,`id` DESC LIMIT 0,15 [ RunTime:0.000448s ]
---------------------------------------------------------------

[2019-09-28T19:01:52+08:00] 192.168.240.1 GET 192.168.240.182:1000/
[运行时间：0.799843s] [吞吐率：1.25req/s] [内存消耗：926.80kb] [文件加载：105]
[ error ] [64]think\__require_file(): Failed opening required '/mnt/hgfs/wwwroot/php/zfAdmin_tpfast/vendor/composer/../topthink/think-captcha/src/helper.php' (include_path='.:/www/server/php/71/lib/php')[/mnt/hgfs/wwwroot/php/zfAdmin_tpfast/thinkphp/library/think/Loader.php:416]
---------------------------------------------------------------

[2019-09-28T19:02:05+08:00] 192.168.240.1 GET 192.168.240.182:1000/
[运行时间：0.452375s] [吞吐率：2.21req/s] [内存消耗：926.80kb] [文件加载：105]
[ error ] [64]think\__require_file(): Failed opening required '/mnt/hgfs/wwwroot/php/zfAdmin_tpfast/vendor/composer/../topthink/think-captcha/src/helper.php' (include_path='.:/www/server/php/71/lib/php')[/mnt/hgfs/wwwroot/php/zfAdmin_tpfast/thinkphp/library/think/Loader.php:416]
---------------------------------------------------------------

[2019-09-28T19:07:13+08:00] 192.168.240.1 GET 192.168.240.182:1000/
[运行时间：0.493433s] [吞吐率：2.03req/s] [内存消耗：3,148.48kb] [文件加载：143]
[ info ] [ LANG ] /mnt/hgfs/wwwroot/php/zfAdmin_tpfast/thinkphp/lang/zh-cn.php
[ info ] [ ROUTE ] array (
)
[ info ] [ HEADER ] array (
  'cookie' => 'order=id%20desc; memSize=972; uploadSize=1073741824; rank=a; layers=1; aceEditor=%7B%22fontSize%22%3A%2212px%22%2C%22theme%22%3A%22monokai%22%7D; SetName=; backup_path=/www/backup; serverType=nginx; BT_PANEL_6=3c7f52a1-38fb-4cf7-8955-f5edfde60cfa.3it-5PD7sQJ73gyza7li0hWupcM; request_token=VyOMatbq9Rb18RZN7OU7A9TeNx9aD7WB5nTTKZy1sVfvt1ux; load_search=undefined; sites_path=/mnt/hgfs/wwwroot/php; vcodesum=13; Path=/mnt/hgfs/wwwroot/php; force=0; pnull=6; p7=2; depType=0; softType=0; load_type=0; p0=4; load_page=4; ChangePath=6',
  'accept-language' => 'zh-CN,zh;q=0.9,und;q=0.8',
  'accept-encoding' => 'gzip, deflate',
  'referer' => 'http://192.168.240.182:8888/site',
  'accept' => 'text/html,application/xhtml+xml,application/xml;q=0.9,image/webp,image/apng,*/*;q=0.8,application/signed-exchange;v=b3',
  'user-agent' => 'Mozilla/5.0 (Macintosh; Intel Mac OS X 10_14_6) AppleWebKit/537.36 (KHTML, like Gecko) Chrome/77.0.3865.90 Safari/537.36',
  'upgrade-insecure-requests' => '1',
  'cache-control' => 'max-age=0',
  'connection' => 'keep-alive',
  'host' => '192.168.240.182:1000',
  'content-type' => '',
  'content-length' => '',
)
[ info ] [ PARAM ] array (
)
[ info ] [ DB ] INIT mysql
[ error ] [1045]SQLSTATE[HY000] [1045] Access denied for user 'v1_fast_zf_90ckm'@'localhost' (using password: YES)[/mnt/hgfs/wwwroot/php/zfAdmin_tpfast/thinkphp/library/think/db/Connection.php:528]
---------------------------------------------------------------

[2019-09-28T19:11:27+08:00] 192.168.240.1 GET 192.168.240.182:1000/
[运行时间：2.448605s] [吞吐率：0.41req/s] [内存消耗：3,444.05kb] [文件加载：147]
[ info ] [ LANG ] /mnt/hgfs/wwwroot/php/zfAdmin_tpfast/thinkphp/lang/zh-cn.php
[ info ] [ ROUTE ] array (
)
[ info ] [ HEADER ] array (
  'cookie' => 'order=id%20desc; memSize=972; uploadSize=1073741824; rank=a; layers=1; aceEditor=%7B%22fontSize%22%3A%2212px%22%2C%22theme%22%3A%22monokai%22%7D; SetName=; backup_path=/www/backup; serverType=nginx; BT_PANEL_6=3c7f52a1-38fb-4cf7-8955-f5edfde60cfa.3it-5PD7sQJ73gyza7li0hWupcM; request_token=VyOMatbq9Rb18RZN7OU7A9TeNx9aD7WB5nTTKZy1sVfvt1ux; load_search=undefined; sites_path=/mnt/hgfs/wwwroot/php; vcodesum=13; Path=/mnt/hgfs/wwwroot/php; force=0; pnull=6; p7=2; depType=0; softType=0; load_type=0; p0=4; load_page=4; ChangePath=6; PHPSESSID=i5fmapb6v868gu5ga03oqsgpp4',
  'accept-language' => 'zh-CN,zh;q=0.9,und;q=0.8',
  'accept-encoding' => 'gzip, deflate',
  'referer' => 'http://192.168.240.182:8888/site',
  'accept' => 'text/html,application/xhtml+xml,application/xml;q=0.9,image/webp,image/apng,*/*;q=0.8,application/signed-exchange;v=b3',
  'user-agent' => 'Mozilla/5.0 (Macintosh; Intel Mac OS X 10_14_6) AppleWebKit/537.36 (KHTML, like Gecko) Chrome/77.0.3865.90 Safari/537.36',
  'upgrade-insecure-requests' => '1',
  'cache-control' => 'max-age=0',
  'connection' => 'keep-alive',
  'host' => '192.168.240.182:1000',
  'content-type' => '',
  'content-length' => '',
)
[ info ] [ PARAM ] array (
)
[ info ] [ DB ] INIT mysql
[ info ] [ VIEW ] ./template/index/a1/index/index.html [ array (
  0 => 'home',
  1 => 'web_config',
  2 => 'tpl_static',
  3 => 'menu',
  4 => 'links',
  5 => 'post_sort',
  6 => 'post_hits',
  7 => 'hot_post',
  8 => 'cid',
  9 => 'banner',
  10 => 'post_new',
  11 => 'seo',
) ]
[ sql ] [ DB ] CONNECT:[ UseTime:0.131932s ] mysql:host=120.78.193.246;dbname=v1_fast_zf_90ckm;charset=utf8
[ sql ] [ SQL ] SHOW COLUMNS FROM `zf_config` [ RunTime:0.076638s ]
[ sql ] [ SQL ] SELECT `value` FROM `zf_config` WHERE  `key` = 'zf_tpl_suffix' LIMIT 1 [ RunTime:0.153883s ]
[ sql ] [ SQL ] SHOW COLUMNS FROM `zf_category` [ RunTime:0.155378s ]
[ sql ] [ SQL ] SELECT * FROM `zf_category` WHERE  `status` = 1  AND `menu` = 1 ORDER BY `sort` ASC,`cid` ASC [ RunTime:0.151792s ]
[ sql ] [ SQL ] SHOW COLUMNS FROM `zf_link` [ RunTime:0.145751s ]
[ sql ] [ SQL ] SELECT * FROM `zf_link` WHERE  `status` = 1 [ RunTime:0.151534s ]
[ sql ] [ SQL ] SHOW COLUMNS FROM `zf_post` [ RunTime:0.162328s ]
[ sql ] [ SQL ] SELECT * FROM `zf_post` WHERE  `status` = 1  AND `relevan_id` = 0 ORDER BY `sort` DESC,`id` DESC [ RunTime:0.148936s ]
[ sql ] [ SQL ] SELECT * FROM `zf_post` WHERE  `status` = 1  AND `relevan_id` = 0 ORDER BY `hits` DESC,`id` DESC [ RunTime:0.148813s ]
[ sql ] [ SQL ] SHOW COLUMNS FROM `zf_advert` [ RunTime:0.150524s ]
[ sql ] [ SQL ] SELECT * FROM `zf_advert` WHERE  `status` = 1  AND `pid` = 10 [ RunTime:0.146812s ]
[ sql ] [ SQL ] SELECT COUNT(*) AS tp_count FROM `zf_post` WHERE  `status` = 1  AND `relevan_id` = 0  AND `is_product` = 0 [ RunTime:0.148483s ]
[ sql ] [ SQL ] SELECT * FROM `zf_post` WHERE  `status` = 1  AND `relevan_id` = 0  AND `is_product` = 0 ORDER BY `ctime` DESC,`id` DESC LIMIT 0,15 [ RunTime:0.149176s ]
---------------------------------------------------------------

[2019-09-28T19:11:34+08:00] 192.168.240.1 GET 192.168.240.182:1000/
[运行时间：2.604290s] [吞吐率：0.38req/s] [内存消耗：3,444.51kb] [文件加载：147]
[ info ] [ LANG ] /mnt/hgfs/wwwroot/php/zfAdmin_tpfast/thinkphp/lang/zh-cn.php
[ info ] [ ROUTE ] array (
)
[ info ] [ HEADER ] array (
  'cookie' => 'order=id%20desc; memSize=972; uploadSize=1073741824; rank=a; layers=1; aceEditor=%7B%22fontSize%22%3A%2212px%22%2C%22theme%22%3A%22monokai%22%7D; SetName=; backup_path=/www/backup; serverType=nginx; BT_PANEL_6=3c7f52a1-38fb-4cf7-8955-f5edfde60cfa.3it-5PD7sQJ73gyza7li0hWupcM; request_token=VyOMatbq9Rb18RZN7OU7A9TeNx9aD7WB5nTTKZy1sVfvt1ux; load_search=undefined; sites_path=/mnt/hgfs/wwwroot/php; vcodesum=13; Path=/mnt/hgfs/wwwroot/php; force=0; pnull=6; p7=2; depType=0; softType=0; load_type=0; p0=4; load_page=4; ChangePath=6; PHPSESSID=i5fmapb6v868gu5ga03oqsgpp4; _pk_id.8.bbc8=718f669b1386be2c.1569669088.1.1569669088.1569669088.; _pk_ses.8.bbc8=1',
  'accept-language' => 'zh-CN,zh;q=0.9,und;q=0.8',
  'accept-encoding' => 'gzip, deflate',
  'referer' => 'http://192.168.240.182:8888/site',
  'accept' => 'text/html,application/xhtml+xml,application/xml;q=0.9,image/webp,image/apng,*/*;q=0.8,application/signed-exchange;v=b3',
  'user-agent' => 'Mozilla/5.0 (Macintosh; Intel Mac OS X 10_14_6) AppleWebKit/537.36 (KHTML, like Gecko) Chrome/77.0.3865.90 Safari/537.36',
  'upgrade-insecure-requests' => '1',
  'connection' => 'keep-alive',
  'host' => '192.168.240.182:1000',
  'content-type' => '',
  'content-length' => '',
)
[ info ] [ PARAM ] array (
)
[ info ] [ DB ] INIT mysql
[ info ] [ VIEW ] ./template/index/a1/index/index.html [ array (
  0 => 'home',
  1 => 'web_config',
  2 => 'tpl_static',
  3 => 'menu',
  4 => 'links',
  5 => 'post_sort',
  6 => 'post_hits',
  7 => 'hot_post',
  8 => 'cid',
  9 => 'banner',
  10 => 'post_new',
  11 => 'seo',
) ]
[ sql ] [ DB ] CONNECT:[ UseTime:0.133117s ] mysql:host=120.78.193.246;dbname=v1_fast_zf_90ckm;charset=utf8
[ sql ] [ SQL ] SHOW COLUMNS FROM `zf_config` [ RunTime:0.073242s ]
[ sql ] [ SQL ] SELECT `value` FROM `zf_config` WHERE  `key` = 'zf_tpl_suffix' LIMIT 1 [ RunTime:0.146159s ]
[ sql ] [ SQL ] SHOW COLUMNS FROM `zf_category` [ RunTime:0.173841s ]
[ sql ] [ SQL ] SELECT * FROM `zf_category` WHERE  `status` = 1  AND `menu` = 1 ORDER BY `sort` ASC,`cid` ASC [ RunTime:0.164991s ]
[ sql ] [ SQL ] SHOW COLUMNS FROM `zf_link` [ RunTime:0.144426s ]
[ sql ] [ SQL ] SELECT * FROM `zf_link` WHERE  `status` = 1 [ RunTime:0.148332s ]
[ sql ] [ SQL ] SHOW COLUMNS FROM `zf_post` [ RunTime:0.145665s ]
[ sql ] [ SQL ] SELECT * FROM `zf_post` WHERE  `status` = 1  AND `relevan_id` = 0 ORDER BY `sort` DESC,`id` DESC [ RunTime:0.155120s ]
[ sql ] [ SQL ] SELECT * FROM `zf_post` WHERE  `status` = 1  AND `relevan_id` = 0 ORDER BY `hits` DESC,`id` DESC [ RunTime:0.146003s ]
[ sql ] [ SQL ] SHOW COLUMNS FROM `zf_advert` [ RunTime:0.159447s ]
[ sql ] [ SQL ] SELECT * FROM `zf_advert` WHERE  `status` = 1  AND `pid` = 10 [ RunTime:0.146911s ]
[ sql ] [ SQL ] SELECT COUNT(*) AS tp_count FROM `zf_post` WHERE  `status` = 1  AND `relevan_id` = 0  AND `is_product` = 0 [ RunTime:0.172982s ]
[ sql ] [ SQL ] SELECT * FROM `zf_post` WHERE  `status` = 1  AND `relevan_id` = 0  AND `is_product` = 0 ORDER BY `ctime` DESC,`id` DESC LIMIT 0,15 [ RunTime:0.165895s ]
---------------------------------------------------------------

[2019-09-28T19:11:50+08:00] 192.168.240.1 GET 192.168.240.182:1000/
[运行时间：2.413837s] [吞吐率：0.41req/s] [内存消耗：3,444.55kb] [文件加载：147]
[ info ] [ LANG ] /mnt/hgfs/wwwroot/php/zfAdmin_tpfast/thinkphp/lang/zh-cn.php
[ info ] [ ROUTE ] array (
)
[ info ] [ HEADER ] array (
  'cookie' => 'order=id%20desc; memSize=972; uploadSize=1073741824; rank=a; layers=1; aceEditor=%7B%22fontSize%22%3A%2212px%22%2C%22theme%22%3A%22monokai%22%7D; SetName=; backup_path=/www/backup; serverType=nginx; BT_PANEL_6=3c7f52a1-38fb-4cf7-8955-f5edfde60cfa.3it-5PD7sQJ73gyza7li0hWupcM; request_token=VyOMatbq9Rb18RZN7OU7A9TeNx9aD7WB5nTTKZy1sVfvt1ux; load_search=undefined; sites_path=/mnt/hgfs/wwwroot/php; vcodesum=13; Path=/mnt/hgfs/wwwroot/php; force=0; pnull=6; p7=2; depType=0; softType=0; load_type=0; p0=4; load_page=4; ChangePath=6; PHPSESSID=i5fmapb6v868gu5ga03oqsgpp4; _pk_ses.8.bbc8=1; _pk_id.8.bbc8=718f669b1386be2c.1569669088.1.1569669094.1569669088.',
  'accept-language' => 'zh-CN,zh;q=0.9,und;q=0.8',
  'accept-encoding' => 'gzip, deflate',
  'referer' => 'http://192.168.240.182:8888/site',
  'accept' => 'text/html,application/xhtml+xml,application/xml;q=0.9,image/webp,image/apng,*/*;q=0.8,application/signed-exchange;v=b3',
  'user-agent' => 'Mozilla/5.0 (Macintosh; Intel Mac OS X 10_14_6) AppleWebKit/537.36 (KHTML, like Gecko) Chrome/77.0.3865.90 Safari/537.36',
  'upgrade-insecure-requests' => '1',
  'cache-control' => 'max-age=0',
  'connection' => 'keep-alive',
  'host' => '192.168.240.182:1000',
  'content-type' => '',
  'content-length' => '',
)
[ info ] [ PARAM ] array (
)
[ info ] [ DB ] INIT mysql
[ info ] [ VIEW ] ./template/index/a1/index/index.html [ array (
  0 => 'home',
  1 => 'web_config',
  2 => 'tpl_static',
  3 => 'menu',
  4 => 'links',
  5 => 'post_sort',
  6 => 'post_hits',
  7 => 'hot_post',
  8 => 'cid',
  9 => 'banner',
  10 => 'post_new',
  11 => 'seo',
) ]
[ sql ] [ DB ] CONNECT:[ UseTime:0.180462s ] mysql:host=120.78.193.246;dbname=v1_fast_zf_90ckm;charset=utf8
[ sql ] [ SQL ] SHOW COLUMNS FROM `zf_config` [ RunTime:0.087741s ]
[ sql ] [ SQL ] SELECT `value` FROM `zf_config` WHERE  `key` = 'zf_tpl_suffix' LIMIT 1 [ RunTime:0.137395s ]
[ sql ] [ SQL ] SHOW COLUMNS FROM `zf_category` [ RunTime:0.143047s ]
[ sql ] [ SQL ] SELECT * FROM `zf_category` WHERE  `status` = 1  AND `menu` = 1 ORDER BY `sort` ASC,`cid` ASC [ RunTime:0.141876s ]
[ sql ] [ SQL ] SHOW COLUMNS FROM `zf_link` [ RunTime:0.144820s ]
[ sql ] [ SQL ] SELECT * FROM `zf_link` WHERE  `status` = 1 [ RunTime:0.165651s ]
[ sql ] [ SQL ] SHOW COLUMNS FROM `zf_post` [ RunTime:0.143426s ]
[ sql ] [ SQL ] SELECT * FROM `zf_post` WHERE  `status` = 1  AND `relevan_id` = 0 ORDER BY `sort` DESC,`id` DESC [ RunTime:0.144504s ]
[ sql ] [ SQL ] SELECT * FROM `zf_post` WHERE  `status` = 1  AND `relevan_id` = 0 ORDER BY `hits` DESC,`id` DESC [ RunTime:0.144418s ]
[ sql ] [ SQL ] SHOW COLUMNS FROM `zf_advert` [ RunTime:0.139934s ]
[ sql ] [ SQL ] SELECT * FROM `zf_advert` WHERE  `status` = 1  AND `pid` = 10 [ RunTime:0.141400s ]
[ sql ] [ SQL ] SELECT COUNT(*) AS tp_count FROM `zf_post` WHERE  `status` = 1  AND `relevan_id` = 0  AND `is_product` = 0 [ RunTime:0.140027s ]
[ sql ] [ SQL ] SELECT * FROM `zf_post` WHERE  `status` = 1  AND `relevan_id` = 0  AND `is_product` = 0 ORDER BY `ctime` DESC,`id` DESC LIMIT 0,15 [ RunTime:0.139007s ]
---------------------------------------------------------------

[2019-09-28T19:11:54+08:00] 192.168.240.1 GET 192.168.240.182:1000/index/cate/list/cid/425.html
[运行时间：2.317099s] [吞吐率：0.43req/s] [内存消耗：3,465.61kb] [文件加载：147]
[ info ] [ LANG ] /mnt/hgfs/wwwroot/php/zfAdmin_tpfast/thinkphp/lang/zh-cn.php
[ info ] [ ROUTE ] array (
)
[ info ] [ HEADER ] array (
  'cookie' => 'order=id%20desc; memSize=972; uploadSize=1073741824; rank=a; layers=1; aceEditor=%7B%22fontSize%22%3A%2212px%22%2C%22theme%22%3A%22monokai%22%7D; SetName=; backup_path=/www/backup; serverType=nginx; BT_PANEL_6=3c7f52a1-38fb-4cf7-8955-f5edfde60cfa.3it-5PD7sQJ73gyza7li0hWupcM; request_token=VyOMatbq9Rb18RZN7OU7A9TeNx9aD7WB5nTTKZy1sVfvt1ux; load_search=undefined; sites_path=/mnt/hgfs/wwwroot/php; vcodesum=13; Path=/mnt/hgfs/wwwroot/php; force=0; pnull=6; p7=2; depType=0; softType=0; load_type=0; p0=4; load_page=4; ChangePath=6; PHPSESSID=i5fmapb6v868gu5ga03oqsgpp4; _pk_ses.8.bbc8=1; _pk_id.8.bbc8=718f669b1386be2c.1569669088.1.1569669110.1569669088.',
  'accept-language' => 'zh-CN,zh;q=0.9,und;q=0.8',
  'accept-encoding' => 'gzip, deflate',
  'referer' => 'http://192.168.240.182:1000/',
  'accept' => 'text/html,application/xhtml+xml,application/xml;q=0.9,image/webp,image/apng,*/*;q=0.8,application/signed-exchange;v=b3',
  'user-agent' => 'Mozilla/5.0 (Macintosh; Intel Mac OS X 10_14_6) AppleWebKit/537.36 (KHTML, like Gecko) Chrome/77.0.3865.90 Safari/537.36',
  'upgrade-insecure-requests' => '1',
  'connection' => 'keep-alive',
  'host' => '192.168.240.182:1000',
  'content-type' => '',
  'content-length' => '',
)
[ info ] [ PARAM ] array (
  'cid' => '425',
)
[ info ] [ DB ] INIT mysql
[ info ] [ VIEW ] ./template/index/a1/cate/tpl_list.html [ array (
  0 => 'home',
  1 => 'web_config',
  2 => 'tpl_static',
  3 => 'menu',
  4 => 'links',
  5 => 'post_sort',
  6 => 'post_hits',
  7 => 'hot_post',
  8 => 'cid',
  9 => 'list',
  10 => 'cate_res',
  11 => 'seo',
) ]
[ sql ] [ DB ] CONNECT:[ UseTime:0.135297s ] mysql:host=120.78.193.246;dbname=v1_fast_zf_90ckm;charset=utf8
[ sql ] [ SQL ] SHOW COLUMNS FROM `zf_config` [ RunTime:0.073986s ]
[ sql ] [ SQL ] SELECT `value` FROM `zf_config` WHERE  `key` = 'zf_tpl_suffix' LIMIT 1 [ RunTime:0.172293s ]
[ sql ] [ SQL ] SHOW COLUMNS FROM `zf_category` [ RunTime:0.143628s ]
[ sql ] [ SQL ] SELECT * FROM `zf_category` WHERE  `status` = 1  AND `menu` = 1 ORDER BY `sort` ASC,`cid` ASC [ RunTime:0.156049s ]
[ sql ] [ SQL ] SHOW COLUMNS FROM `zf_link` [ RunTime:0.179626s ]
[ sql ] [ SQL ] SELECT * FROM `zf_link` WHERE  `status` = 1 [ RunTime:0.156875s ]
[ sql ] [ SQL ] SHOW COLUMNS FROM `zf_post` [ RunTime:0.147159s ]
[ sql ] [ SQL ] SELECT * FROM `zf_post` WHERE  `status` = 1  AND `relevan_id` = 0 ORDER BY `sort` DESC,`id` DESC [ RunTime:0.146652s ]
[ sql ] [ SQL ] SELECT * FROM `zf_post` WHERE  `status` = 1  AND `relevan_id` = 0 ORDER BY `hits` DESC,`id` DESC [ RunTime:0.148508s ]
[ sql ] [ SQL ] SELECT * FROM `zf_category` WHERE  `status` = 1  AND `cid` = 425 LIMIT 1 [ RunTime:0.153731s ]
[ sql ] [ SQL ] SELECT COUNT(*) AS tp_count FROM `zf_post` WHERE  `status` = 1  AND `cid` = 425  AND `is_product` = 0 [ RunTime:0.149991s ]
[ sql ] [ SQL ] SELECT * FROM `zf_post` WHERE  `status` = 1  AND `cid` = 425  AND `is_product` = 0 ORDER BY `ctime` DESC,`id` DESC LIMIT 0,15 [ RunTime:0.148158s ]
---------------------------------------------------------------

[2019-09-28T19:11:57+08:00] 192.168.240.1 GET 192.168.240.182:1000/index/cate/list/cid/426.html
[运行时间：2.200796s] [吞吐率：0.45req/s] [内存消耗：3,461.73kb] [文件加载：147]
[ info ] [ LANG ] /mnt/hgfs/wwwroot/php/zfAdmin_tpfast/thinkphp/lang/zh-cn.php
[ info ] [ ROUTE ] array (
)
[ info ] [ HEADER ] array (
  'cookie' => 'order=id%20desc; memSize=972; uploadSize=1073741824; rank=a; layers=1; aceEditor=%7B%22fontSize%22%3A%2212px%22%2C%22theme%22%3A%22monokai%22%7D; SetName=; backup_path=/www/backup; serverType=nginx; BT_PANEL_6=3c7f52a1-38fb-4cf7-8955-f5edfde60cfa.3it-5PD7sQJ73gyza7li0hWupcM; request_token=VyOMatbq9Rb18RZN7OU7A9TeNx9aD7WB5nTTKZy1sVfvt1ux; load_search=undefined; sites_path=/mnt/hgfs/wwwroot/php; vcodesum=13; Path=/mnt/hgfs/wwwroot/php; force=0; pnull=6; p7=2; depType=0; softType=0; load_type=0; p0=4; load_page=4; ChangePath=6; PHPSESSID=i5fmapb6v868gu5ga03oqsgpp4; _pk_ses.8.bbc8=1; _pk_id.8.bbc8=718f669b1386be2c.1569669088.1.1569669114.1569669088.',
  'accept-language' => 'zh-CN,zh;q=0.9,und;q=0.8',
  'accept-encoding' => 'gzip, deflate',
  'referer' => 'http://192.168.240.182:1000/index/cate/list/cid/425.html',
  'accept' => 'text/html,application/xhtml+xml,application/xml;q=0.9,image/webp,image/apng,*/*;q=0.8,application/signed-exchange;v=b3',
  'user-agent' => 'Mozilla/5.0 (Macintosh; Intel Mac OS X 10_14_6) AppleWebKit/537.36 (KHTML, like Gecko) Chrome/77.0.3865.90 Safari/537.36',
  'upgrade-insecure-requests' => '1',
  'connection' => 'keep-alive',
  'host' => '192.168.240.182:1000',
  'content-type' => '',
  'content-length' => '',
)
[ info ] [ PARAM ] array (
  'cid' => '426',
)
[ info ] [ DB ] INIT mysql
[ info ] [ VIEW ] ./template/index/a1/cate/tpl_page.html [ array (
  0 => 'home',
  1 => 'web_config',
  2 => 'tpl_static',
  3 => 'menu',
  4 => 'links',
  5 => 'post_sort',
  6 => 'post_hits',
  7 => 'hot_post',
  8 => 'cid',
  9 => 'list',
  10 => 'cate_res',
  11 => 'seo',
) ]
[ sql ] [ DB ] CONNECT:[ UseTime:0.111260s ] mysql:host=120.78.193.246;dbname=v1_fast_zf_90ckm;charset=utf8
[ sql ] [ SQL ] SHOW COLUMNS FROM `zf_config` [ RunTime:0.069695s ]
[ sql ] [ SQL ] SELECT `value` FROM `zf_config` WHERE  `key` = 'zf_tpl_suffix' LIMIT 1 [ RunTime:0.148858s ]
[ sql ] [ SQL ] SHOW COLUMNS FROM `zf_category` [ RunTime:0.153909s ]
[ sql ] [ SQL ] SELECT * FROM `zf_category` WHERE  `status` = 1  AND `menu` = 1 ORDER BY `sort` ASC,`cid` ASC [ RunTime:0.141242s ]
[ sql ] [ SQL ] SHOW COLUMNS FROM `zf_link` [ RunTime:0.146839s ]
[ sql ] [ SQL ] SELECT * FROM `zf_link` WHERE  `status` = 1 [ RunTime:0.141499s ]
[ sql ] [ SQL ] SHOW COLUMNS FROM `zf_post` [ RunTime:0.141913s ]
[ sql ] [ SQL ] SELECT * FROM `zf_post` WHERE  `status` = 1  AND `relevan_id` = 0 ORDER BY `sort` DESC,`id` DESC [ RunTime:0.138481s ]
[ sql ] [ SQL ] SELECT * FROM `zf_post` WHERE  `status` = 1  AND `relevan_id` = 0 ORDER BY `hits` DESC,`id` DESC [ RunTime:0.144961s ]
[ sql ] [ SQL ] SELECT * FROM `zf_category` WHERE  `status` = 1  AND `cid` = 426 LIMIT 1 [ RunTime:0.138334s ]
[ sql ] [ SQL ] SELECT COUNT(*) AS tp_count FROM `zf_post` WHERE  `status` = 1  AND `cid` = 426  AND `is_product` = 0 [ RunTime:0.139936s ]
[ sql ] [ SQL ] SELECT * FROM `zf_post` WHERE  `status` = 1  AND `cid` = 426  AND `is_product` = 0 ORDER BY `ctime` DESC,`id` DESC LIMIT 0,15 [ RunTime:0.143278s ]
---------------------------------------------------------------

[2019-09-28T19:12:05+08:00] 192.168.240.1 GET 192.168.240.182:1000/admin
[运行时间：0.355862s] [吞吐率：2.81req/s] [内存消耗：2,316.67kb] [文件加载：139]
[ info ] [ LANG ] /mnt/hgfs/wwwroot/php/zfAdmin_tpfast/thinkphp/lang/zh-cn.php
[ info ] [ ROUTE ] array (
)
[ info ] [ HEADER ] array (
  'cookie' => 'order=id%20desc; memSize=972; uploadSize=1073741824; rank=a; layers=1; aceEditor=%7B%22fontSize%22%3A%2212px%22%2C%22theme%22%3A%22monokai%22%7D; SetName=; backup_path=/www/backup; serverType=nginx; BT_PANEL_6=3c7f52a1-38fb-4cf7-8955-f5edfde60cfa.3it-5PD7sQJ73gyza7li0hWupcM; request_token=VyOMatbq9Rb18RZN7OU7A9TeNx9aD7WB5nTTKZy1sVfvt1ux; load_search=undefined; sites_path=/mnt/hgfs/wwwroot/php; vcodesum=13; Path=/mnt/hgfs/wwwroot/php; force=0; pnull=6; p7=2; depType=0; softType=0; load_type=0; p0=4; load_page=4; ChangePath=6; PHPSESSID=i5fmapb6v868gu5ga03oqsgpp4; _pk_ses.8.bbc8=1; _pk_id.8.bbc8=718f669b1386be2c.1569669088.1.1569669118.1569669088.',
  'accept-language' => 'zh-CN,zh;q=0.9,und;q=0.8',
  'accept-encoding' => 'gzip, deflate',
  'accept' => 'text/html,application/xhtml+xml,application/xml;q=0.9,image/webp,image/apng,*/*;q=0.8,application/signed-exchange;v=b3',
  'user-agent' => 'Mozilla/5.0 (Macintosh; Intel Mac OS X 10_14_6) AppleWebKit/537.36 (KHTML, like Gecko) Chrome/77.0.3865.90 Safari/537.36',
  'upgrade-insecure-requests' => '1',
  'connection' => 'keep-alive',
  'host' => '192.168.240.182:1000',
  'content-type' => '',
  'content-length' => '',
)
[ info ] [ PARAM ] array (
)
[ info ] [ VIEW ] public/tpl/jump.tpl [ array (
  0 => 'admin',
  1 => 'web_config',
  2 => 'code',
  3 => 'msg',
  4 => 'data',
  5 => 'url',
  6 => 'wait',
) ]
---------------------------------------------------------------

[2019-09-28T19:12:07+08:00] 192.168.240.1 GET 192.168.240.182:1000/admin/login/index.html
[运行时间：0.393563s] [吞吐率：2.54req/s] [内存消耗：2,315.59kb] [文件加载：137]
[ info ] [ LANG ] /mnt/hgfs/wwwroot/php/zfAdmin_tpfast/thinkphp/lang/zh-cn.php
[ info ] [ ROUTE ] array (
)
[ info ] [ HEADER ] array (
  'cookie' => 'order=id%20desc; memSize=972; uploadSize=1073741824; rank=a; layers=1; aceEditor=%7B%22fontSize%22%3A%2212px%22%2C%22theme%22%3A%22monokai%22%7D; SetName=; backup_path=/www/backup; serverType=nginx; BT_PANEL_6=3c7f52a1-38fb-4cf7-8955-f5edfde60cfa.3it-5PD7sQJ73gyza7li0hWupcM; request_token=VyOMatbq9Rb18RZN7OU7A9TeNx9aD7WB5nTTKZy1sVfvt1ux; load_search=undefined; sites_path=/mnt/hgfs/wwwroot/php; vcodesum=13; Path=/mnt/hgfs/wwwroot/php; force=0; pnull=6; p7=2; depType=0; softType=0; load_type=0; p0=4; load_page=4; ChangePath=6; PHPSESSID=i5fmapb6v868gu5ga03oqsgpp4; _pk_ses.8.bbc8=1; _pk_id.8.bbc8=718f669b1386be2c.1569669088.1.1569669118.1569669088.',
  'accept-language' => 'zh-CN,zh;q=0.9,und;q=0.8',
  'accept-encoding' => 'gzip, deflate',
  'referer' => 'http://192.168.240.182:1000/admin',
  'accept' => 'text/html,application/xhtml+xml,application/xml;q=0.9,image/webp,image/apng,*/*;q=0.8,application/signed-exchange;v=b3',
  'user-agent' => 'Mozilla/5.0 (Macintosh; Intel Mac OS X 10_14_6) AppleWebKit/537.36 (KHTML, like Gecko) Chrome/77.0.3865.90 Safari/537.36',
  'upgrade-insecure-requests' => '1',
  'connection' => 'keep-alive',
  'host' => '192.168.240.182:1000',
  'content-type' => '',
  'content-length' => '',
)
[ info ] [ PARAM ] array (
)
[ info ] [ VIEW ] ./template/admin/login/index.html [ array (
) ]
